2024-11-27T13:07:09.326-05:00  INFO 28844 --- [SysAlmacenFX] [JavaFX-Launcher] o.s.boot.SpringApplication               : Starting application using Java 23.0.1 with PID 28844 (started by saul in C:\Users\saul\Desktop\SysAlmacenFX-20241126T171758Z-001\SysAlmacenFX)
2024-11-27T13:07:09.347-05:00  INFO 28844 --- [SysAlmacenFX] [JavaFX-Launcher] o.s.boot.SpringApplication               : No active profile set, falling back to 1 default profile: "default"
2024-11-27T13:07:11.126-05:00  INFO 28844 --- [SysAlmacenFX] [JavaFX-Launcher] .s.d.r.c.RepositoryConfigurationDelegate : Bootstrapping Spring Data JPA repositories in DEFAULT mode.
2024-11-27T13:07:11.352-05:00  INFO 28844 --- [SysAlmacenFX] [JavaFX-Launcher] .s.d.r.c.RepositoryConfigurationDelegate : Finished Spring Data repository scanning in 210 ms. Found 15 JPA repository interfaces.
2024-11-27T13:07:12.400-05:00  INFO 28844 --- [SysAlmacenFX] [JavaFX-Launcher] o.hibernate.jpa.internal.util.LogHelper  : HHH000204: Processing PersistenceUnitInfo [name: default]
2024-11-27T13:07:12.578-05:00  INFO 28844 --- [SysAlmacenFX] [JavaFX-Launcher] org.hibernate.Version                    : HHH000412: Hibernate ORM core version 6.5.3.Final
2024-11-27T13:07:12.685-05:00  INFO 28844 --- [SysAlmacenFX] [JavaFX-Launcher] o.h.c.internal.RegionFactoryInitiator    : HHH000026: Second-level cache disabled
2024-11-27T13:07:13.478-05:00  INFO 28844 --- [SysAlmacenFX] [JavaFX-Launcher] o.s.o.j.p.SpringPersistenceUnitInfo      : No LoadTimeWeaver setup: ignoring JPA class transformer
2024-11-27T13:07:13.538-05:00  INFO 28844 --- [SysAlmacenFX] [JavaFX-Launcher] com.zaxxer.hikari.HikariDataSource       : HikariPool-1 - Starting...
2024-11-27T13:07:13.831-05:00  INFO 28844 --- [SysAlmacenFX] [JavaFX-Launcher] com.zaxxer.hikari.pool.HikariPool        : HikariPool-1 - Added connection org.sqlite.jdbc4.JDBC4Connection@7afa0fd3
2024-11-27T13:07:13.834-05:00  INFO 28844 --- [SysAlmacenFX] [JavaFX-Launcher] com.zaxxer.hikari.HikariDataSource       : HikariPool-1 - Start completed.
2024-11-27T13:07:17.535-05:00  INFO 28844 --- [SysAlmacenFX] [JavaFX-Launcher] o.h.e.t.j.p.i.JtaPlatformInitiator       : HHH000489: No JTA platform available (set 'hibernate.transaction.jta.platform' to enable JTA platform integration)
2024-11-27T13:07:17.628-05:00  INFO 28844 --- [SysAlmacenFX] [JavaFX-Launcher] j.LocalContainerEntityManagerFactoryBean : Initialized JPA EntityManagerFactory for persistence unit 'default'
2024-11-27T13:07:18.394-05:00  INFO 28844 --- [SysAlmacenFX] [JavaFX-Launcher] o.s.d.j.r.query.QueryEnhancerFactory     : Hibernate is in classpath; If applicable, HQL parser will be used.
2024-11-27T13:07:19.176-05:00  INFO 28844 --- [SysAlmacenFX] [JavaFX-Launcher] o.s.boot.SpringApplication               : Started application in 11.185 seconds (process running for 17.355)
2024-11-27T13:07:45.064-05:00  WARN 28844 --- [SysAlmacenFX] [JavaFX Application Thread] javafx.css                               : Caught 'java.lang.ClassCastException: class java.lang.String cannot be cast to class javafx.scene.paint.Paint (java.lang.String is in module java.base of loader 'bootstrap'; javafx.scene.paint.Paint is in unnamed module of loader 'app')' while converting value for '-fx-background-color' from inline style on Label@43ac8396[styleClass=label]'Formulario de Registro'
2024-11-27T13:07:45.066-05:00  WARN 28844 --- [SysAlmacenFX] [JavaFX Application Thread] javafx.css                               : Caught 'java.lang.ClassCastException: class java.lang.String cannot be cast to class javafx.scene.paint.Paint (java.lang.String is in module java.base of loader 'bootstrap'; javafx.scene.paint.Paint is in unnamed module of loader 'app')' while converting value for '-fx-background-color' from inline style on Label@43ac8396[styleClass=label]'Formulario de Registro'
2024-11-27T13:07:46.594-05:00  WARN 28844 --- [SysAlmacenFX] [JavaFX Application Thread] javafx.css                               : Caught 'java.lang.ClassCastException: class java.lang.String cannot be cast to class javafx.scene.paint.Paint (java.lang.String is in module java.base of loader 'bootstrap'; javafx.scene.paint.Paint is in unnamed module of loader 'app')' while converting value for '-fx-background-color' from inline style on Label@7887489e[styleClass=label]'Formulario de Registro'
2024-11-27T13:07:48.671-05:00  WARN 28844 --- [SysAlmacenFX] [JavaFX Application Thread] javafx.css                               : Caught 'java.lang.ClassCastException: class java.lang.String cannot be cast to class javafx.scene.paint.Paint (java.lang.String is in module java.base of loader 'bootstrap'; javafx.scene.paint.Paint is in unnamed module of loader 'app')' while converting value for '-fx-background-color' from inline style on Label@7887489e[styleClass=label]'Formulario de Registro'
2024-11-27T13:12:12.277-05:00  INFO 28844 --- [SysAlmacenFX] [SpringApplicationShutdownHook] j.LocalContainerEntityManagerFactoryBean : Closing JPA EntityManagerFactory for persistence unit 'default'
2024-11-27T13:12:12.283-05:00  INFO 28844 --- [SysAlmacenFX] [SpringApplicationShutdownHook] com.zaxxer.hikari.HikariDataSource       : HikariPool-1 - Shutdown initiated...
2024-11-27T13:12:12.289-05:00  INFO 28844 --- [SysAlmacenFX] [SpringApplicationShutdownHook] com.zaxxer.hikari.HikariDataSource       : HikariPool-1 - Shutdown completed.
2024-11-27T13:12:23.016-05:00  INFO 17748 --- [SysAlmacenFX] [JavaFX-Launcher] o.s.boot.SpringApplication               : Starting application using Java 23.0.1 with PID 17748 (started by saul in C:\Users\saul\Desktop\SysAlmacenFX-20241126T171758Z-001\SysAlmacenFX)
2024-11-27T13:12:23.024-05:00  INFO 17748 --- [SysAlmacenFX] [JavaFX-Launcher] o.s.boot.SpringApplication               : No active profile set, falling back to 1 default profile: "default"
2024-11-27T13:12:24.794-05:00  INFO 17748 --- [SysAlmacenFX] [JavaFX-Launcher] .s.d.r.c.RepositoryConfigurationDelegate : Bootstrapping Spring Data JPA repositories in DEFAULT mode.
2024-11-27T13:12:25.131-05:00  INFO 17748 --- [SysAlmacenFX] [JavaFX-Launcher] .s.d.r.c.RepositoryConfigurationDelegate : Finished Spring Data repository scanning in 316 ms. Found 15 JPA repository interfaces.
2024-11-27T13:12:25.970-05:00  INFO 17748 --- [SysAlmacenFX] [JavaFX-Launcher] o.hibernate.jpa.internal.util.LogHelper  : HHH000204: Processing PersistenceUnitInfo [name: default]
2024-11-27T13:12:26.058-05:00  INFO 17748 --- [SysAlmacenFX] [JavaFX-Launcher] org.hibernate.Version                    : HHH000412: Hibernate ORM core version 6.5.3.Final
2024-11-27T13:12:26.107-05:00  INFO 17748 --- [SysAlmacenFX] [JavaFX-Launcher] o.h.c.internal.RegionFactoryInitiator    : HHH000026: Second-level cache disabled
2024-11-27T13:12:26.610-05:00  INFO 17748 --- [SysAlmacenFX] [JavaFX-Launcher] o.s.o.j.p.SpringPersistenceUnitInfo      : No LoadTimeWeaver setup: ignoring JPA class transformer
2024-11-27T13:12:26.655-05:00  INFO 17748 --- [SysAlmacenFX] [JavaFX-Launcher] com.zaxxer.hikari.HikariDataSource       : HikariPool-1 - Starting...
2024-11-27T13:12:26.886-05:00  INFO 17748 --- [SysAlmacenFX] [JavaFX-Launcher] com.zaxxer.hikari.pool.HikariPool        : HikariPool-1 - Added connection org.sqlite.jdbc4.JDBC4Connection@d9c486c
2024-11-27T13:12:26.896-05:00  INFO 17748 --- [SysAlmacenFX] [JavaFX-Launcher] com.zaxxer.hikari.HikariDataSource       : HikariPool-1 - Start completed.
2024-11-27T13:12:29.420-05:00  INFO 17748 --- [SysAlmacenFX] [JavaFX-Launcher] o.h.e.t.j.p.i.JtaPlatformInitiator       : HHH000489: No JTA platform available (set 'hibernate.transaction.jta.platform' to enable JTA platform integration)
2024-11-27T13:12:29.479-05:00  INFO 17748 --- [SysAlmacenFX] [JavaFX-Launcher] j.LocalContainerEntityManagerFactoryBean : Initialized JPA EntityManagerFactory for persistence unit 'default'
2024-11-27T13:12:30.094-05:00  INFO 17748 --- [SysAlmacenFX] [JavaFX-Launcher] o.s.d.j.r.query.QueryEnhancerFactory     : Hibernate is in classpath; If applicable, HQL parser will be used.
2024-11-27T13:12:31.219-05:00  INFO 17748 --- [SysAlmacenFX] [JavaFX-Launcher] o.s.boot.SpringApplication               : Started application in 9.662 seconds (process running for 11.391)
2024-11-27T13:12:42.729-05:00  WARN 17748 --- [SysAlmacenFX] [JavaFX Application Thread] javafx.css                               : Caught 'java.lang.ClassCastException: class java.lang.String cannot be cast to class javafx.scene.paint.Paint (java.lang.String is in module java.base of loader 'bootstrap'; javafx.scene.paint.Paint is in unnamed module of loader 'app')' while converting value for '-fx-background-color' from inline style on Label@59cbff9d[styleClass=label]'Formulario de Registro'
2024-11-27T13:12:42.731-05:00  WARN 17748 --- [SysAlmacenFX] [JavaFX Application Thread] javafx.css                               : Caught 'java.lang.ClassCastException: class java.lang.String cannot be cast to class javafx.scene.paint.Paint (java.lang.String is in module java.base of loader 'bootstrap'; javafx.scene.paint.Paint is in unnamed module of loader 'app')' while converting value for '-fx-background-color' from inline style on Label@59cbff9d[styleClass=label]'Formulario de Registro'
2024-11-27T13:12:44.597-05:00  WARN 17748 --- [SysAlmacenFX] [JavaFX Application Thread] javafx.css                               : Caught 'java.lang.ClassCastException: class java.lang.String cannot be cast to class javafx.scene.paint.Paint (java.lang.String is in module java.base of loader 'bootstrap'; javafx.scene.paint.Paint is in unnamed module of loader 'app')' while converting value for '-fx-background-color' from inline style on Label@59cbff9d[styleClass=label]'Formulario de Registro'
2024-11-27T13:17:24.503-05:00  WARN 17748 --- [SysAlmacenFX] [JavaFX Application Thread] javafx.css                               : Caught 'java.lang.ClassCastException: class java.lang.String cannot be cast to class javafx.scene.paint.Paint (java.lang.String is in module java.base of loader 'bootstrap'; javafx.scene.paint.Paint is in unnamed module of loader 'app')' while converting value for '-fx-background-color' from inline style on Label@22484fe0[styleClass=label]'Formulario de Registro'
2024-11-27T14:26:47.557-05:00  INFO 17748 --- [SysAlmacenFX] [JavaFX Application Thread] j.LocalContainerEntityManagerFactoryBean : Closing JPA EntityManagerFactory for persistence unit 'default'
2024-11-27T14:26:47.570-05:00  INFO 17748 --- [SysAlmacenFX] [JavaFX Application Thread] com.zaxxer.hikari.HikariDataSource       : HikariPool-1 - Shutdown initiated...
2024-11-27T14:26:47.577-05:00  INFO 17748 --- [SysAlmacenFX] [JavaFX Application Thread] com.zaxxer.hikari.HikariDataSource       : HikariPool-1 - Shutdown completed.
2024-11-27T14:26:57.439-05:00  INFO 23276 --- [SysAlmacenFX] [JavaFX-Launcher] o.s.boot.SpringApplication               : Starting application using Java 23.0.1 with PID 23276 (started by saul in C:\Users\saul\Desktop\SysAlmacenFX-20241126T171758Z-001\SysAlmacenFX)
2024-11-27T14:26:57.444-05:00  INFO 23276 --- [SysAlmacenFX] [JavaFX-Launcher] o.s.boot.SpringApplication               : No active profile set, falling back to 1 default profile: "default"
2024-11-27T14:26:59.059-05:00  INFO 23276 --- [SysAlmacenFX] [JavaFX-Launcher] .s.d.r.c.RepositoryConfigurationDelegate : Bootstrapping Spring Data JPA repositories in DEFAULT mode.
2024-11-27T14:26:59.322-05:00  INFO 23276 --- [SysAlmacenFX] [JavaFX-Launcher] .s.d.r.c.RepositoryConfigurationDelegate : Finished Spring Data repository scanning in 243 ms. Found 15 JPA repository interfaces.
2024-11-27T14:27:00.478-05:00  INFO 23276 --- [SysAlmacenFX] [JavaFX-Launcher] o.hibernate.jpa.internal.util.LogHelper  : HHH000204: Processing PersistenceUnitInfo [name: default]
2024-11-27T14:27:00.655-05:00  INFO 23276 --- [SysAlmacenFX] [JavaFX-Launcher] org.hibernate.Version                    : HHH000412: Hibernate ORM core version 6.5.3.Final
2024-11-27T14:27:00.776-05:00  INFO 23276 --- [SysAlmacenFX] [JavaFX-Launcher] o.h.c.internal.RegionFactoryInitiator    : HHH000026: Second-level cache disabled
2024-11-27T14:27:01.476-05:00  INFO 23276 --- [SysAlmacenFX] [JavaFX-Launcher] o.s.o.j.p.SpringPersistenceUnitInfo      : No LoadTimeWeaver setup: ignoring JPA class transformer
2024-11-27T14:27:01.514-05:00  INFO 23276 --- [SysAlmacenFX] [JavaFX-Launcher] com.zaxxer.hikari.HikariDataSource       : HikariPool-1 - Starting...
2024-11-27T14:27:01.954-05:00  INFO 23276 --- [SysAlmacenFX] [JavaFX-Launcher] com.zaxxer.hikari.pool.HikariPool        : HikariPool-1 - Added connection org.sqlite.jdbc4.JDBC4Connection@6b5de491
2024-11-27T14:27:01.972-05:00  INFO 23276 --- [SysAlmacenFX] [JavaFX-Launcher] com.zaxxer.hikari.HikariDataSource       : HikariPool-1 - Start completed.
2024-11-27T14:27:04.466-05:00  INFO 23276 --- [SysAlmacenFX] [JavaFX-Launcher] o.h.e.t.j.p.i.JtaPlatformInitiator       : HHH000489: No JTA platform available (set 'hibernate.transaction.jta.platform' to enable JTA platform integration)
2024-11-27T14:27:04.520-05:00  INFO 23276 --- [SysAlmacenFX] [JavaFX-Launcher] j.LocalContainerEntityManagerFactoryBean : Initialized JPA EntityManagerFactory for persistence unit 'default'
2024-11-27T14:27:05.095-05:00  INFO 23276 --- [SysAlmacenFX] [JavaFX-Launcher] o.s.d.j.r.query.QueryEnhancerFactory     : Hibernate is in classpath; If applicable, HQL parser will be used.
2024-11-27T14:27:06.079-05:00  INFO 23276 --- [SysAlmacenFX] [JavaFX-Launcher] o.s.boot.SpringApplication               : Started application in 9.959 seconds (process running for 11.501)
2024-11-27T14:27:17.931-05:00  WARN 23276 --- [SysAlmacenFX] [JavaFX Application Thread] javafx.css                               : Caught 'java.lang.ClassCastException: class java.lang.String cannot be cast to class javafx.scene.paint.Paint (java.lang.String is in module java.base of loader 'bootstrap'; javafx.scene.paint.Paint is in unnamed module of loader 'app')' while converting value for '-fx-background-color' from inline style on Label@2c3830ef[styleClass=label]'Formulario de Registro'
2024-11-27T14:27:17.934-05:00  WARN 23276 --- [SysAlmacenFX] [JavaFX Application Thread] javafx.css                               : Caught 'java.lang.ClassCastException: class java.lang.String cannot be cast to class javafx.scene.paint.Paint (java.lang.String is in module java.base of loader 'bootstrap'; javafx.scene.paint.Paint is in unnamed module of loader 'app')' while converting value for '-fx-background-color' from inline style on Label@2c3830ef[styleClass=label]'Formulario de Registro'
2024-11-27T14:27:23.495-05:00  WARN 23276 --- [SysAlmacenFX] [JavaFX Application Thread] javafx.css                               : Caught 'java.lang.ClassCastException: class java.lang.String cannot be cast to class javafx.scene.paint.Paint (java.lang.String is in module java.base of loader 'bootstrap'; javafx.scene.paint.Paint is in unnamed module of loader 'app')' while converting value for '-fx-background-color' from inline style on Label@2c3830ef[styleClass=label]'Formulario de Registro'
2024-11-27T14:30:22.759-05:00  WARN 23276 --- [SysAlmacenFX] [JavaFX Application Thread] javafx.css                               : Caught 'java.lang.ClassCastException: class java.lang.String cannot be cast to class javafx.scene.paint.Paint (java.lang.String is in module java.base of loader 'bootstrap'; javafx.scene.paint.Paint is in unnamed module of loader 'app')' while converting value for '-fx-background-color' from inline style on Label@2c3830ef[styleClass=label]'Formulario de Registro'
2024-11-27T14:30:32.483-05:00  INFO 23276 --- [SysAlmacenFX] [JavaFX Application Thread] j.LocalContainerEntityManagerFactoryBean : Closing JPA EntityManagerFactory for persistence unit 'default'
2024-11-27T14:30:32.485-05:00  INFO 23276 --- [SysAlmacenFX] [JavaFX Application Thread] com.zaxxer.hikari.HikariDataSource       : HikariPool-1 - Shutdown initiated...
2024-11-27T14:30:32.492-05:00  INFO 23276 --- [SysAlmacenFX] [JavaFX Application Thread] com.zaxxer.hikari.HikariDataSource       : HikariPool-1 - Shutdown completed.
2024-11-27T14:30:41.263-05:00  INFO 9856 --- [SysAlmacenFX] [JavaFX-Launcher] o.s.boot.SpringApplication               : Starting application using Java 23.0.1 with PID 9856 (started by saul in C:\Users\saul\Desktop\SysAlmacenFX-20241126T171758Z-001\SysAlmacenFX)
2024-11-27T14:30:41.269-05:00  INFO 9856 --- [SysAlmacenFX] [JavaFX-Launcher] o.s.boot.SpringApplication               : No active profile set, falling back to 1 default profile: "default"
2024-11-27T14:30:42.740-05:00  INFO 9856 --- [SysAlmacenFX] [JavaFX-Launcher] .s.d.r.c.RepositoryConfigurationDelegate : Bootstrapping Spring Data JPA repositories in DEFAULT mode.
2024-11-27T14:30:42.906-05:00  INFO 9856 --- [SysAlmacenFX] [JavaFX-Launcher] .s.d.r.c.RepositoryConfigurationDelegate : Finished Spring Data repository scanning in 148 ms. Found 15 JPA repository interfaces.
2024-11-27T14:30:43.935-05:00  INFO 9856 --- [SysAlmacenFX] [JavaFX-Launcher] o.hibernate.jpa.internal.util.LogHelper  : HHH000204: Processing PersistenceUnitInfo [name: default]
2024-11-27T14:30:44.057-05:00  INFO 9856 --- [SysAlmacenFX] [JavaFX-Launcher] org.hibernate.Version                    : HHH000412: Hibernate ORM core version 6.5.3.Final
2024-11-27T14:30:44.117-05:00  INFO 9856 --- [SysAlmacenFX] [JavaFX-Launcher] o.h.c.internal.RegionFactoryInitiator    : HHH000026: Second-level cache disabled
2024-11-27T14:30:44.653-05:00  INFO 9856 --- [SysAlmacenFX] [JavaFX-Launcher] o.s.o.j.p.SpringPersistenceUnitInfo      : No LoadTimeWeaver setup: ignoring JPA class transformer
2024-11-27T14:30:44.698-05:00  INFO 9856 --- [SysAlmacenFX] [JavaFX-Launcher] com.zaxxer.hikari.HikariDataSource       : HikariPool-1 - Starting...
2024-11-27T14:30:44.970-05:00  INFO 9856 --- [SysAlmacenFX] [JavaFX-Launcher] com.zaxxer.hikari.pool.HikariPool        : HikariPool-1 - Added connection org.sqlite.jdbc4.JDBC4Connection@740b9332
2024-11-27T14:30:44.984-05:00  INFO 9856 --- [SysAlmacenFX] [JavaFX-Launcher] com.zaxxer.hikari.HikariDataSource       : HikariPool-1 - Start completed.
2024-11-27T14:30:47.721-05:00  INFO 9856 --- [SysAlmacenFX] [JavaFX-Launcher] o.h.e.t.j.p.i.JtaPlatformInitiator       : HHH000489: No JTA platform available (set 'hibernate.transaction.jta.platform' to enable JTA platform integration)
2024-11-27T14:30:47.840-05:00  INFO 9856 --- [SysAlmacenFX] [JavaFX-Launcher] j.LocalContainerEntityManagerFactoryBean : Initialized JPA EntityManagerFactory for persistence unit 'default'
2024-11-27T14:30:48.461-05:00  INFO 9856 --- [SysAlmacenFX] [JavaFX-Launcher] o.s.d.j.r.query.QueryEnhancerFactory     : Hibernate is in classpath; If applicable, HQL parser will be used.
2024-11-27T14:30:49.227-05:00  INFO 9856 --- [SysAlmacenFX] [JavaFX-Launcher] o.s.boot.SpringApplication               : Started application in 9.804 seconds (process running for 11.771)
2024-11-27T14:31:05.218-05:00  WARN 9856 --- [SysAlmacenFX] [JavaFX Application Thread] javafx.css                               : Caught 'java.lang.ClassCastException: class java.lang.String cannot be cast to class javafx.scene.paint.Paint (java.lang.String is in module java.base of loader 'bootstrap'; javafx.scene.paint.Paint is in unnamed module of loader 'app')' while converting value for '-fx-background-color' from inline style on Label@1300bc5d[styleClass=label]'Formulario de Registro'
2024-11-27T14:31:05.221-05:00  WARN 9856 --- [SysAlmacenFX] [JavaFX Application Thread] javafx.css                               : Caught 'java.lang.ClassCastException: class java.lang.String cannot be cast to class javafx.scene.paint.Paint (java.lang.String is in module java.base of loader 'bootstrap'; javafx.scene.paint.Paint is in unnamed module of loader 'app')' while converting value for '-fx-background-color' from inline style on Label@1300bc5d[styleClass=label]'Formulario de Registro'
2024-11-27T14:31:12.648-05:00  WARN 9856 --- [SysAlmacenFX] [JavaFX Application Thread] javafx.css                               : Caught 'java.lang.ClassCastException: class java.lang.String cannot be cast to class javafx.scene.paint.Paint (java.lang.String is in module java.base of loader 'bootstrap'; javafx.scene.paint.Paint is in unnamed module of loader 'app')' while converting value for '-fx-background-color' from inline style on Label@1300bc5d[styleClass=label]'Formulario de Registro'
2024-11-27T14:31:13.176-05:00  WARN 9856 --- [SysAlmacenFX] [JavaFX Application Thread] javafx.css                               : Caught 'java.lang.ClassCastException: class java.lang.String cannot be cast to class javafx.scene.paint.Paint (java.lang.String is in module java.base of loader 'bootstrap'; javafx.scene.paint.Paint is in unnamed module of loader 'app')' while converting value for '-fx-background-color' from inline style on Label@1300bc5d[styleClass=label]'Formulario de Registro'
2024-11-27T14:34:10.348-05:00  INFO 9856 --- [SysAlmacenFX] [SpringApplicationShutdownHook] j.LocalContainerEntityManagerFactoryBean : Closing JPA EntityManagerFactory for persistence unit 'default'
2024-11-27T14:34:10.352-05:00  INFO 9856 --- [SysAlmacenFX] [SpringApplicationShutdownHook] com.zaxxer.hikari.HikariDataSource       : HikariPool-1 - Shutdown initiated...
2024-11-27T14:34:10.356-05:00  INFO 9856 --- [SysAlmacenFX] [SpringApplicationShutdownHook] com.zaxxer.hikari.HikariDataSource       : HikariPool-1 - Shutdown completed.
2024-11-27T14:34:18.059-05:00  INFO 26688 --- [SysAlmacenFX] [JavaFX-Launcher] o.s.boot.SpringApplication               : Starting application using Java 23.0.1 with PID 26688 (started by saul in C:\Users\saul\Desktop\SysAlmacenFX-20241126T171758Z-001\SysAlmacenFX)
2024-11-27T14:34:18.063-05:00  INFO 26688 --- [SysAlmacenFX] [JavaFX-Launcher] o.s.boot.SpringApplication               : No active profile set, falling back to 1 default profile: "default"
2024-11-27T14:34:19.615-05:00  INFO 26688 --- [SysAlmacenFX] [JavaFX-Launcher] .s.d.r.c.RepositoryConfigurationDelegate : Bootstrapping Spring Data JPA repositories in DEFAULT mode.
2024-11-27T14:34:19.836-05:00  INFO 26688 --- [SysAlmacenFX] [JavaFX-Launcher] .s.d.r.c.RepositoryConfigurationDelegate : Finished Spring Data repository scanning in 200 ms. Found 15 JPA repository interfaces.
2024-11-27T14:34:20.890-05:00  INFO 26688 --- [SysAlmacenFX] [JavaFX-Launcher] o.hibernate.jpa.internal.util.LogHelper  : HHH000204: Processing PersistenceUnitInfo [name: default]
2024-11-27T14:34:20.996-05:00  INFO 26688 --- [SysAlmacenFX] [JavaFX-Launcher] org.hibernate.Version                    : HHH000412: Hibernate ORM core version 6.5.3.Final
2024-11-27T14:34:21.064-05:00  INFO 26688 --- [SysAlmacenFX] [JavaFX-Launcher] o.h.c.internal.RegionFactoryInitiator    : HHH000026: Second-level cache disabled
2024-11-27T14:34:21.511-05:00  INFO 26688 --- [SysAlmacenFX] [JavaFX-Launcher] o.s.o.j.p.SpringPersistenceUnitInfo      : No LoadTimeWeaver setup: ignoring JPA class transformer
2024-11-27T14:34:21.553-05:00  INFO 26688 --- [SysAlmacenFX] [JavaFX-Launcher] com.zaxxer.hikari.HikariDataSource       : HikariPool-1 - Starting...
2024-11-27T14:34:21.842-05:00  INFO 26688 --- [SysAlmacenFX] [JavaFX-Launcher] com.zaxxer.hikari.pool.HikariPool        : HikariPool-1 - Added connection org.sqlite.jdbc4.JDBC4Connection@1ee90599
2024-11-27T14:34:21.853-05:00  INFO 26688 --- [SysAlmacenFX] [JavaFX-Launcher] com.zaxxer.hikari.HikariDataSource       : HikariPool-1 - Start completed.
2024-11-27T14:34:24.028-05:00  INFO 26688 --- [SysAlmacenFX] [JavaFX-Launcher] o.h.e.t.j.p.i.JtaPlatformInitiator       : HHH000489: No JTA platform available (set 'hibernate.transaction.jta.platform' to enable JTA platform integration)
2024-11-27T14:34:24.084-05:00  INFO 26688 --- [SysAlmacenFX] [JavaFX-Launcher] j.LocalContainerEntityManagerFactoryBean : Initialized JPA EntityManagerFactory for persistence unit 'default'
2024-11-27T14:34:24.612-05:00  INFO 26688 --- [SysAlmacenFX] [JavaFX-Launcher] o.s.d.j.r.query.QueryEnhancerFactory     : Hibernate is in classpath; If applicable, HQL parser will be used.
2024-11-27T14:34:25.479-05:00  INFO 26688 --- [SysAlmacenFX] [JavaFX-Launcher] o.s.boot.SpringApplication               : Started application in 8.791 seconds (process running for 10.321)
2024-11-27T14:34:44.961-05:00  WARN 26688 --- [SysAlmacenFX] [JavaFX Application Thread] javafx.css                               : Caught 'java.lang.ClassCastException: class java.lang.String cannot be cast to class javafx.scene.paint.Paint (java.lang.String is in module java.base of loader 'bootstrap'; javafx.scene.paint.Paint is in unnamed module of loader 'app')' while converting value for '-fx-background-color' from inline style on Label@68a40ac6[styleClass=label]'Formulario de Registro'
2024-11-27T14:34:44.964-05:00  WARN 26688 --- [SysAlmacenFX] [JavaFX Application Thread] javafx.css                               : Caught 'java.lang.ClassCastException: class java.lang.String cannot be cast to class javafx.scene.paint.Paint (java.lang.String is in module java.base of loader 'bootstrap'; javafx.scene.paint.Paint is in unnamed module of loader 'app')' while converting value for '-fx-background-color' from inline style on Label@68a40ac6[styleClass=label]'Formulario de Registro'
2024-11-27T14:34:45.659-05:00  WARN 26688 --- [SysAlmacenFX] [JavaFX Application Thread] javafx.css                               : Caught 'java.lang.ClassCastException: class java.lang.String cannot be cast to class javafx.scene.paint.Paint (java.lang.String is in module java.base of loader 'bootstrap'; javafx.scene.paint.Paint is in unnamed module of loader 'app')' while converting value for '-fx-background-color' from inline style on Label@68a40ac6[styleClass=label]'Formulario de Registro'
2024-11-27T14:37:35.542-05:00  INFO 26688 --- [SysAlmacenFX] [SpringApplicationShutdownHook] j.LocalContainerEntityManagerFactoryBean : Closing JPA EntityManagerFactory for persistence unit 'default'
2024-11-27T14:37:35.546-05:00  INFO 26688 --- [SysAlmacenFX] [SpringApplicationShutdownHook] com.zaxxer.hikari.HikariDataSource       : HikariPool-1 - Shutdown initiated...
2024-11-27T14:37:35.550-05:00  INFO 26688 --- [SysAlmacenFX] [SpringApplicationShutdownHook] com.zaxxer.hikari.HikariDataSource       : HikariPool-1 - Shutdown completed.
2024-11-27T14:37:45.055-05:00  INFO 24720 --- [SysAlmacenFX] [JavaFX-Launcher] o.s.boot.SpringApplication               : Starting application using Java 23.0.1 with PID 24720 (started by saul in C:\Users\saul\Desktop\SysAlmacenFX-20241126T171758Z-001\SysAlmacenFX)
2024-11-27T14:37:45.059-05:00  INFO 24720 --- [SysAlmacenFX] [JavaFX-Launcher] o.s.boot.SpringApplication               : No active profile set, falling back to 1 default profile: "default"
2024-11-27T14:37:47.068-05:00  INFO 24720 --- [SysAlmacenFX] [JavaFX-Launcher] .s.d.r.c.RepositoryConfigurationDelegate : Bootstrapping Spring Data JPA repositories in DEFAULT mode.
2024-11-27T14:37:47.310-05:00  INFO 24720 --- [SysAlmacenFX] [JavaFX-Launcher] .s.d.r.c.RepositoryConfigurationDelegate : Finished Spring Data repository scanning in 218 ms. Found 15 JPA repository interfaces.
2024-11-27T14:37:48.590-05:00  INFO 24720 --- [SysAlmacenFX] [JavaFX-Launcher] o.hibernate.jpa.internal.util.LogHelper  : HHH000204: Processing PersistenceUnitInfo [name: default]
2024-11-27T14:37:48.783-05:00  INFO 24720 --- [SysAlmacenFX] [JavaFX-Launcher] org.hibernate.Version                    : HHH000412: Hibernate ORM core version 6.5.3.Final
2024-11-27T14:37:48.865-05:00  INFO 24720 --- [SysAlmacenFX] [JavaFX-Launcher] o.h.c.internal.RegionFactoryInitiator    : HHH000026: Second-level cache disabled
2024-11-27T14:37:49.586-05:00  INFO 24720 --- [SysAlmacenFX] [JavaFX-Launcher] o.s.o.j.p.SpringPersistenceUnitInfo      : No LoadTimeWeaver setup: ignoring JPA class transformer
2024-11-27T14:37:49.659-05:00  INFO 24720 --- [SysAlmacenFX] [JavaFX-Launcher] com.zaxxer.hikari.HikariDataSource       : HikariPool-1 - Starting...
2024-11-27T14:37:49.950-05:00  INFO 24720 --- [SysAlmacenFX] [JavaFX-Launcher] com.zaxxer.hikari.pool.HikariPool        : HikariPool-1 - Added connection org.sqlite.jdbc4.JDBC4Connection@2dac7532
2024-11-27T14:37:49.965-05:00  INFO 24720 --- [SysAlmacenFX] [JavaFX-Launcher] com.zaxxer.hikari.HikariDataSource       : HikariPool-1 - Start completed.
2024-11-27T14:37:52.333-05:00  INFO 24720 --- [SysAlmacenFX] [JavaFX-Launcher] o.h.e.t.j.p.i.JtaPlatformInitiator       : HHH000489: No JTA platform available (set 'hibernate.transaction.jta.platform' to enable JTA platform integration)
2024-11-27T14:37:52.421-05:00  INFO 24720 --- [SysAlmacenFX] [JavaFX-Launcher] j.LocalContainerEntityManagerFactoryBean : Initialized JPA EntityManagerFactory for persistence unit 'default'
2024-11-27T14:37:53.000-05:00  INFO 24720 --- [SysAlmacenFX] [JavaFX-Launcher] o.s.d.j.r.query.QueryEnhancerFactory     : Hibernate is in classpath; If applicable, HQL parser will be used.
2024-11-27T14:37:53.847-05:00  INFO 24720 --- [SysAlmacenFX] [JavaFX-Launcher] o.s.boot.SpringApplication               : Started application in 10.56 seconds (process running for 12.387)
2024-11-27T14:38:17.196-05:00  WARN 24720 --- [SysAlmacenFX] [JavaFX Application Thread] javafx.css                               : Caught 'java.lang.ClassCastException: class java.lang.String cannot be cast to class javafx.scene.paint.Paint (java.lang.String is in module java.base of loader 'bootstrap'; javafx.scene.paint.Paint is in unnamed module of loader 'app')' while converting value for '-fx-background-color' from inline style on Label@f00f7b6[styleClass=label]'Formulario de Registro'
2024-11-27T14:38:17.198-05:00  WARN 24720 --- [SysAlmacenFX] [JavaFX Application Thread] javafx.css                               : Caught 'java.lang.ClassCastException: class java.lang.String cannot be cast to class javafx.scene.paint.Paint (java.lang.String is in module java.base of loader 'bootstrap'; javafx.scene.paint.Paint is in unnamed module of loader 'app')' while converting value for '-fx-background-color' from inline style on Label@f00f7b6[styleClass=label]'Formulario de Registro'
2024-11-27T14:38:22.078-05:00  WARN 24720 --- [SysAlmacenFX] [JavaFX Application Thread] javafx.css                               : Caught 'java.lang.ClassCastException: class java.lang.String cannot be cast to class javafx.scene.paint.Paint (java.lang.String is in module java.base of loader 'bootstrap'; javafx.scene.paint.Paint is in unnamed module of loader 'app')' while converting value for '-fx-background-color' from inline style on Label@63b252c3[styleClass=label]'Formulario de Registro'
2024-11-27T14:39:36.257-05:00  INFO 24720 --- [SysAlmacenFX] [JavaFX Application Thread] j.LocalContainerEntityManagerFactoryBean : Closing JPA EntityManagerFactory for persistence unit 'default'
2024-11-27T14:39:36.263-05:00  INFO 24720 --- [SysAlmacenFX] [JavaFX Application Thread] com.zaxxer.hikari.HikariDataSource       : HikariPool-1 - Shutdown initiated...
2024-11-27T14:39:36.270-05:00  INFO 24720 --- [SysAlmacenFX] [JavaFX Application Thread] com.zaxxer.hikari.HikariDataSource       : HikariPool-1 - Shutdown completed.
2024-11-27T14:40:22.719-05:00  INFO 14760 --- [SysAlmacenFX] [JavaFX-Launcher] o.s.boot.SpringApplication               : Starting application using Java 23.0.1 with PID 14760 (started by saul in C:\Users\saul\Desktop\SysAlmacenFX-20241126T171758Z-001\SysAlmacenFX)
2024-11-27T14:40:22.725-05:00  INFO 14760 --- [SysAlmacenFX] [JavaFX-Launcher] o.s.boot.SpringApplication               : No active profile set, falling back to 1 default profile: "default"
2024-11-27T14:40:24.210-05:00  INFO 14760 --- [SysAlmacenFX] [JavaFX-Launcher] .s.d.r.c.RepositoryConfigurationDelegate : Bootstrapping Spring Data JPA repositories in DEFAULT mode.
2024-11-27T14:40:24.395-05:00  INFO 14760 --- [SysAlmacenFX] [JavaFX-Launcher] .s.d.r.c.RepositoryConfigurationDelegate : Finished Spring Data repository scanning in 169 ms. Found 15 JPA repository interfaces.
2024-11-27T14:40:25.250-05:00  INFO 14760 --- [SysAlmacenFX] [JavaFX-Launcher] o.hibernate.jpa.internal.util.LogHelper  : HHH000204: Processing PersistenceUnitInfo [name: default]
2024-11-27T14:40:25.322-05:00  INFO 14760 --- [SysAlmacenFX] [JavaFX-Launcher] org.hibernate.Version                    : HHH000412: Hibernate ORM core version 6.5.3.Final
2024-11-27T14:40:25.367-05:00  INFO 14760 --- [SysAlmacenFX] [JavaFX-Launcher] o.h.c.internal.RegionFactoryInitiator    : HHH000026: Second-level cache disabled
2024-11-27T14:40:25.991-05:00  INFO 14760 --- [SysAlmacenFX] [JavaFX-Launcher] o.s.o.j.p.SpringPersistenceUnitInfo      : No LoadTimeWeaver setup: ignoring JPA class transformer
2024-11-27T14:40:26.040-05:00  INFO 14760 --- [SysAlmacenFX] [JavaFX-Launcher] com.zaxxer.hikari.HikariDataSource       : HikariPool-1 - Starting...
2024-11-27T14:40:26.323-05:00  INFO 14760 --- [SysAlmacenFX] [JavaFX-Launcher] com.zaxxer.hikari.pool.HikariPool        : HikariPool-1 - Added connection org.sqlite.jdbc4.JDBC4Connection@4dc226d6
2024-11-27T14:40:26.325-05:00  INFO 14760 --- [SysAlmacenFX] [JavaFX-Launcher] com.zaxxer.hikari.HikariDataSource       : HikariPool-1 - Start completed.
2024-11-27T14:40:28.685-05:00  INFO 14760 --- [SysAlmacenFX] [JavaFX-Launcher] o.h.e.t.j.p.i.JtaPlatformInitiator       : HHH000489: No JTA platform available (set 'hibernate.transaction.jta.platform' to enable JTA platform integration)
2024-11-27T14:40:28.736-05:00  INFO 14760 --- [SysAlmacenFX] [JavaFX-Launcher] j.LocalContainerEntityManagerFactoryBean : Initialized JPA EntityManagerFactory for persistence unit 'default'
2024-11-27T14:40:29.206-05:00  INFO 14760 --- [SysAlmacenFX] [JavaFX-Launcher] o.s.d.j.r.query.QueryEnhancerFactory     : Hibernate is in classpath; If applicable, HQL parser will be used.
2024-11-27T14:40:29.943-05:00  INFO 14760 --- [SysAlmacenFX] [JavaFX-Launcher] o.s.boot.SpringApplication               : Started application in 8.966 seconds (process running for 10.858)
2024-11-27T14:40:43.255-05:00  WARN 14760 --- [SysAlmacenFX] [JavaFX Application Thread] javafx.css                               : Caught 'java.lang.ClassCastException: class java.lang.String cannot be cast to class javafx.scene.paint.Paint (java.lang.String is in module java.base of loader 'bootstrap'; javafx.scene.paint.Paint is in unnamed module of loader 'app')' while converting value for '-fx-background-color' from inline style on Label@4e44b60a[styleClass=label]'Formulario de Registro'
2024-11-27T14:40:43.258-05:00  WARN 14760 --- [SysAlmacenFX] [JavaFX Application Thread] javafx.css                               : Caught 'java.lang.ClassCastException: class java.lang.String cannot be cast to class javafx.scene.paint.Paint (java.lang.String is in module java.base of loader 'bootstrap'; javafx.scene.paint.Paint is in unnamed module of loader 'app')' while converting value for '-fx-background-color' from inline style on Label@4e44b60a[styleClass=label]'Formulario de Registro'
2024-11-27T14:40:48.685-05:00  WARN 14760 --- [SysAlmacenFX] [JavaFX Application Thread] javafx.css                               : Caught 'java.lang.ClassCastException: class java.lang.String cannot be cast to class javafx.scene.paint.Paint (java.lang.String is in module java.base of loader 'bootstrap'; javafx.scene.paint.Paint is in unnamed module of loader 'app')' while converting value for '-fx-background-color' from inline style on Label@4e44b60a[styleClass=label]'Formulario de Registro'
2024-11-27T14:47:50.137-05:00  INFO 14760 --- [SysAlmacenFX] [SpringApplicationShutdownHook] j.LocalContainerEntityManagerFactoryBean : Closing JPA EntityManagerFactory for persistence unit 'default'
2024-11-27T14:47:50.140-05:00  INFO 14760 --- [SysAlmacenFX] [SpringApplicationShutdownHook] com.zaxxer.hikari.HikariDataSource       : HikariPool-1 - Shutdown initiated...
2024-11-27T14:47:50.145-05:00  INFO 14760 --- [SysAlmacenFX] [SpringApplicationShutdownHook] com.zaxxer.hikari.HikariDataSource       : HikariPool-1 - Shutdown completed.
2024-11-27T14:47:59.319-05:00  INFO 17852 --- [SysAlmacenFX] [JavaFX-Launcher] o.s.boot.SpringApplication               : Starting application using Java 23.0.1 with PID 17852 (started by saul in C:\Users\saul\Desktop\SysAlmacenFX-20241126T171758Z-001\SysAlmacenFX)
2024-11-27T14:47:59.325-05:00  INFO 17852 --- [SysAlmacenFX] [JavaFX-Launcher] o.s.boot.SpringApplication               : No active profile set, falling back to 1 default profile: "default"
2024-11-27T14:48:00.719-05:00  INFO 17852 --- [SysAlmacenFX] [JavaFX-Launcher] .s.d.r.c.RepositoryConfigurationDelegate : Bootstrapping Spring Data JPA repositories in DEFAULT mode.
2024-11-27T14:48:00.892-05:00  INFO 17852 --- [SysAlmacenFX] [JavaFX-Launcher] .s.d.r.c.RepositoryConfigurationDelegate : Finished Spring Data repository scanning in 156 ms. Found 15 JPA repository interfaces.
2024-11-27T14:48:01.724-05:00  INFO 17852 --- [SysAlmacenFX] [JavaFX-Launcher] o.hibernate.jpa.internal.util.LogHelper  : HHH000204: Processing PersistenceUnitInfo [name: default]
2024-11-27T14:48:01.809-05:00  INFO 17852 --- [SysAlmacenFX] [JavaFX-Launcher] org.hibernate.Version                    : HHH000412: Hibernate ORM core version 6.5.3.Final
2024-11-27T14:48:01.859-05:00  INFO 17852 --- [SysAlmacenFX] [JavaFX-Launcher] o.h.c.internal.RegionFactoryInitiator    : HHH000026: Second-level cache disabled
2024-11-27T14:48:02.328-05:00  INFO 17852 --- [SysAlmacenFX] [JavaFX-Launcher] o.s.o.j.p.SpringPersistenceUnitInfo      : No LoadTimeWeaver setup: ignoring JPA class transformer
2024-11-27T14:48:02.369-05:00  INFO 17852 --- [SysAlmacenFX] [JavaFX-Launcher] com.zaxxer.hikari.HikariDataSource       : HikariPool-1 - Starting...
2024-11-27T14:48:02.618-05:00  INFO 17852 --- [SysAlmacenFX] [JavaFX-Launcher] com.zaxxer.hikari.pool.HikariPool        : HikariPool-1 - Added connection org.sqlite.jdbc4.JDBC4Connection@1d29b2db
2024-11-27T14:48:02.628-05:00  INFO 17852 --- [SysAlmacenFX] [JavaFX-Launcher] com.zaxxer.hikari.HikariDataSource       : HikariPool-1 - Start completed.
2024-11-27T14:48:04.708-05:00  INFO 17852 --- [SysAlmacenFX] [JavaFX-Launcher] o.h.e.t.j.p.i.JtaPlatformInitiator       : HHH000489: No JTA platform available (set 'hibernate.transaction.jta.platform' to enable JTA platform integration)
2024-11-27T14:48:04.777-05:00  INFO 17852 --- [SysAlmacenFX] [JavaFX-Launcher] j.LocalContainerEntityManagerFactoryBean : Initialized JPA EntityManagerFactory for persistence unit 'default'
2024-11-27T14:48:05.339-05:00  INFO 17852 --- [SysAlmacenFX] [JavaFX-Launcher] o.s.d.j.r.query.QueryEnhancerFactory     : Hibernate is in classpath; If applicable, HQL parser will be used.
2024-11-27T14:48:06.084-05:00  INFO 17852 --- [SysAlmacenFX] [JavaFX-Launcher] o.s.boot.SpringApplication               : Started application in 8.048 seconds (process running for 9.525)
2024-11-27T14:50:52.579-05:00  INFO 17852 --- [SysAlmacenFX] [SpringApplicationShutdownHook] j.LocalContainerEntityManagerFactoryBean : Closing JPA EntityManagerFactory for persistence unit 'default'
2024-11-27T14:50:52.582-05:00  INFO 17852 --- [SysAlmacenFX] [SpringApplicationShutdownHook] com.zaxxer.hikari.HikariDataSource       : HikariPool-1 - Shutdown initiated...
2024-11-27T14:50:52.586-05:00  INFO 17852 --- [SysAlmacenFX] [SpringApplicationShutdownHook] com.zaxxer.hikari.HikariDataSource       : HikariPool-1 - Shutdown completed.
2024-11-27T14:51:00.034-05:00  INFO 20148 --- [SysAlmacenFX] [JavaFX-Launcher] o.s.boot.SpringApplication               : Starting application using Java 23.0.1 with PID 20148 (started by saul in C:\Users\saul\Desktop\SysAlmacenFX-20241126T171758Z-001\SysAlmacenFX)
2024-11-27T14:51:00.037-05:00  INFO 20148 --- [SysAlmacenFX] [JavaFX-Launcher] o.s.boot.SpringApplication               : No active profile set, falling back to 1 default profile: "default"
2024-11-27T14:51:01.621-05:00  INFO 20148 --- [SysAlmacenFX] [JavaFX-Launcher] .s.d.r.c.RepositoryConfigurationDelegate : Bootstrapping Spring Data JPA repositories in DEFAULT mode.
2024-11-27T14:51:01.772-05:00  INFO 20148 --- [SysAlmacenFX] [JavaFX-Launcher] .s.d.r.c.RepositoryConfigurationDelegate : Finished Spring Data repository scanning in 137 ms. Found 15 JPA repository interfaces.
2024-11-27T14:51:02.725-05:00  INFO 20148 --- [SysAlmacenFX] [JavaFX-Launcher] o.hibernate.jpa.internal.util.LogHelper  : HHH000204: Processing PersistenceUnitInfo [name: default]
2024-11-27T14:51:02.842-05:00  INFO 20148 --- [SysAlmacenFX] [JavaFX-Launcher] org.hibernate.Version                    : HHH000412: Hibernate ORM core version 6.5.3.Final
2024-11-27T14:51:02.897-05:00  INFO 20148 --- [SysAlmacenFX] [JavaFX-Launcher] o.h.c.internal.RegionFactoryInitiator    : HHH000026: Second-level cache disabled
2024-11-27T14:51:03.463-05:00  INFO 20148 --- [SysAlmacenFX] [JavaFX-Launcher] o.s.o.j.p.SpringPersistenceUnitInfo      : No LoadTimeWeaver setup: ignoring JPA class transformer
2024-11-27T14:51:03.519-05:00  INFO 20148 --- [SysAlmacenFX] [JavaFX-Launcher] com.zaxxer.hikari.HikariDataSource       : HikariPool-1 - Starting...
2024-11-27T14:51:03.784-05:00  INFO 20148 --- [SysAlmacenFX] [JavaFX-Launcher] com.zaxxer.hikari.pool.HikariPool        : HikariPool-1 - Added connection org.sqlite.jdbc4.JDBC4Connection@141d3a8a
2024-11-27T14:51:03.793-05:00  INFO 20148 --- [SysAlmacenFX] [JavaFX-Launcher] com.zaxxer.hikari.HikariDataSource       : HikariPool-1 - Start completed.
2024-11-27T14:51:05.895-05:00  INFO 20148 --- [SysAlmacenFX] [JavaFX-Launcher] o.h.e.t.j.p.i.JtaPlatformInitiator       : HHH000489: No JTA platform available (set 'hibernate.transaction.jta.platform' to enable JTA platform integration)
2024-11-27T14:51:05.959-05:00  INFO 20148 --- [SysAlmacenFX] [JavaFX-Launcher] j.LocalContainerEntityManagerFactoryBean : Initialized JPA EntityManagerFactory for persistence unit 'default'
2024-11-27T14:51:06.503-05:00  INFO 20148 --- [SysAlmacenFX] [JavaFX-Launcher] o.s.d.j.r.query.QueryEnhancerFactory     : Hibernate is in classpath; If applicable, HQL parser will be used.
2024-11-27T14:51:07.262-05:00  INFO 20148 --- [SysAlmacenFX] [JavaFX-Launcher] o.s.boot.SpringApplication               : Started application in 8.395 seconds (process running for 9.865)
2024-11-27T14:51:31.756-05:00  INFO 20148 --- [SysAlmacenFX] [JavaFX Application Thread] j.LocalContainerEntityManagerFactoryBean : Closing JPA EntityManagerFactory for persistence unit 'default'
2024-11-27T14:51:31.760-05:00  INFO 20148 --- [SysAlmacenFX] [JavaFX Application Thread] com.zaxxer.hikari.HikariDataSource       : HikariPool-1 - Shutdown initiated...
2024-11-27T14:51:31.764-05:00  INFO 20148 --- [SysAlmacenFX] [JavaFX Application Thread] com.zaxxer.hikari.HikariDataSource       : HikariPool-1 - Shutdown completed.
2024-11-27T14:57:54.382-05:00  INFO 5528 --- [SysAlmacenFX] [JavaFX-Launcher] o.s.boot.SpringApplication               : Starting application using Java 23.0.1 with PID 5528 (started by saul in C:\Users\saul\Desktop\SysAlmacenFX-20241126T171758Z-001\SysAlmacenFX)
2024-11-27T14:57:54.386-05:00  INFO 5528 --- [SysAlmacenFX] [JavaFX-Launcher] o.s.boot.SpringApplication               : No active profile set, falling back to 1 default profile: "default"
2024-11-27T14:57:55.813-05:00  INFO 5528 --- [SysAlmacenFX] [JavaFX-Launcher] .s.d.r.c.RepositoryConfigurationDelegate : Bootstrapping Spring Data JPA repositories in DEFAULT mode.
2024-11-27T14:57:55.961-05:00  INFO 5528 --- [SysAlmacenFX] [JavaFX-Launcher] .s.d.r.c.RepositoryConfigurationDelegate : Finished Spring Data repository scanning in 131 ms. Found 15 JPA repository interfaces.
2024-11-27T14:57:56.695-05:00  INFO 5528 --- [SysAlmacenFX] [JavaFX-Launcher] o.hibernate.jpa.internal.util.LogHelper  : HHH000204: Processing PersistenceUnitInfo [name: default]
2024-11-27T14:57:56.776-05:00  INFO 5528 --- [SysAlmacenFX] [JavaFX-Launcher] org.hibernate.Version                    : HHH000412: Hibernate ORM core version 6.5.3.Final
2024-11-27T14:57:56.833-05:00  INFO 5528 --- [SysAlmacenFX] [JavaFX-Launcher] o.h.c.internal.RegionFactoryInitiator    : HHH000026: Second-level cache disabled
2024-11-27T14:57:57.284-05:00  INFO 5528 --- [SysAlmacenFX] [JavaFX-Launcher] o.s.o.j.p.SpringPersistenceUnitInfo      : No LoadTimeWeaver setup: ignoring JPA class transformer
2024-11-27T14:57:57.325-05:00  INFO 5528 --- [SysAlmacenFX] [JavaFX-Launcher] com.zaxxer.hikari.HikariDataSource       : HikariPool-1 - Starting...
2024-11-27T14:57:57.554-05:00  INFO 5528 --- [SysAlmacenFX] [JavaFX-Launcher] com.zaxxer.hikari.pool.HikariPool        : HikariPool-1 - Added connection org.sqlite.jdbc4.JDBC4Connection@2131639e
2024-11-27T14:57:57.566-05:00  INFO 5528 --- [SysAlmacenFX] [JavaFX-Launcher] com.zaxxer.hikari.HikariDataSource       : HikariPool-1 - Start completed.
2024-11-27T14:57:59.481-05:00  INFO 5528 --- [SysAlmacenFX] [JavaFX-Launcher] o.h.e.t.j.p.i.JtaPlatformInitiator       : HHH000489: No JTA platform available (set 'hibernate.transaction.jta.platform' to enable JTA platform integration)
2024-11-27T14:57:59.536-05:00  INFO 5528 --- [SysAlmacenFX] [JavaFX-Launcher] j.LocalContainerEntityManagerFactoryBean : Initialized JPA EntityManagerFactory for persistence unit 'default'
2024-11-27T14:57:59.996-05:00  INFO 5528 --- [SysAlmacenFX] [JavaFX-Launcher] o.s.d.j.r.query.QueryEnhancerFactory     : Hibernate is in classpath; If applicable, HQL parser will be used.
2024-11-27T14:58:00.669-05:00  INFO 5528 --- [SysAlmacenFX] [JavaFX-Launcher] o.s.boot.SpringApplication               : Started application in 7.602 seconds (process running for 9.057)
2024-11-27T14:59:56.447-05:00  INFO 5528 --- [SysAlmacenFX] [SpringApplicationShutdownHook] j.LocalContainerEntityManagerFactoryBean : Closing JPA EntityManagerFactory for persistence unit 'default'
2024-11-27T14:59:56.450-05:00  INFO 5528 --- [SysAlmacenFX] [SpringApplicationShutdownHook] com.zaxxer.hikari.HikariDataSource       : HikariPool-1 - Shutdown initiated...
2024-11-27T14:59:56.453-05:00  INFO 5528 --- [SysAlmacenFX] [SpringApplicationShutdownHook] com.zaxxer.hikari.HikariDataSource       : HikariPool-1 - Shutdown completed.
2024-11-27T15:00:06.345-05:00  INFO 23624 --- [SysAlmacenFX] [JavaFX-Launcher] o.s.boot.SpringApplication               : Starting application using Java 23.0.1 with PID 23624 (started by saul in C:\Users\saul\Desktop\SysAlmacenFX-20241126T171758Z-001\SysAlmacenFX)
2024-11-27T15:00:06.370-05:00  INFO 23624 --- [SysAlmacenFX] [JavaFX-Launcher] o.s.boot.SpringApplication               : No active profile set, falling back to 1 default profile: "default"
2024-11-27T15:00:08.769-05:00  INFO 23624 --- [SysAlmacenFX] [JavaFX-Launcher] .s.d.r.c.RepositoryConfigurationDelegate : Bootstrapping Spring Data JPA repositories in DEFAULT mode.
2024-11-27T15:00:09.076-05:00  INFO 23624 --- [SysAlmacenFX] [JavaFX-Launcher] .s.d.r.c.RepositoryConfigurationDelegate : Finished Spring Data repository scanning in 278 ms. Found 15 JPA repository interfaces.
2024-11-27T15:00:10.346-05:00  INFO 23624 --- [SysAlmacenFX] [JavaFX-Launcher] o.hibernate.jpa.internal.util.LogHelper  : HHH000204: Processing PersistenceUnitInfo [name: default]
2024-11-27T15:00:10.495-05:00  INFO 23624 --- [SysAlmacenFX] [JavaFX-Launcher] org.hibernate.Version                    : HHH000412: Hibernate ORM core version 6.5.3.Final
2024-11-27T15:00:10.605-05:00  INFO 23624 --- [SysAlmacenFX] [JavaFX-Launcher] o.h.c.internal.RegionFactoryInitiator    : HHH000026: Second-level cache disabled
2024-11-27T15:00:11.612-05:00  INFO 23624 --- [SysAlmacenFX] [JavaFX-Launcher] o.s.o.j.p.SpringPersistenceUnitInfo      : No LoadTimeWeaver setup: ignoring JPA class transformer
2024-11-27T15:00:11.693-05:00  INFO 23624 --- [SysAlmacenFX] [JavaFX-Launcher] com.zaxxer.hikari.HikariDataSource       : HikariPool-1 - Starting...
2024-11-27T15:00:12.011-05:00  INFO 23624 --- [SysAlmacenFX] [JavaFX-Launcher] com.zaxxer.hikari.pool.HikariPool        : HikariPool-1 - Added connection org.sqlite.jdbc4.JDBC4Connection@141d3a8a
2024-11-27T15:00:12.016-05:00  INFO 23624 --- [SysAlmacenFX] [JavaFX-Launcher] com.zaxxer.hikari.HikariDataSource       : HikariPool-1 - Start completed.
2024-11-27T15:00:14.802-05:00  INFO 23624 --- [SysAlmacenFX] [JavaFX-Launcher] o.h.e.t.j.p.i.JtaPlatformInitiator       : HHH000489: No JTA platform available (set 'hibernate.transaction.jta.platform' to enable JTA platform integration)
2024-11-27T15:00:14.933-05:00  INFO 23624 --- [SysAlmacenFX] [JavaFX-Launcher] j.LocalContainerEntityManagerFactoryBean : Initialized JPA EntityManagerFactory for persistence unit 'default'
2024-11-27T15:00:15.998-05:00  INFO 23624 --- [SysAlmacenFX] [JavaFX-Launcher] o.s.d.j.r.query.QueryEnhancerFactory     : Hibernate is in classpath; If applicable, HQL parser will be used.
2024-11-27T15:00:17.567-05:00  INFO 23624 --- [SysAlmacenFX] [JavaFX-Launcher] o.s.boot.SpringApplication               : Started application in 13.234 seconds (process running for 15.141)
2024-11-27T15:01:19.422-05:00  WARN 23624 --- [SysAlmacenFX] [JavaFX Application Thread] javafx.css                               : Caught 'java.lang.ClassCastException: class java.lang.String cannot be cast to class javafx.scene.paint.Paint (java.lang.String is in module java.base of loader 'bootstrap'; javafx.scene.paint.Paint is in unnamed module of loader 'app')' while converting value for '-fx-background-color' from inline style on Label@27f2adfc[styleClass=label]'Formulario de Registro'
2024-11-27T15:01:19.424-05:00  WARN 23624 --- [SysAlmacenFX] [JavaFX Application Thread] javafx.css                               : Caught 'java.lang.ClassCastException: class java.lang.String cannot be cast to class javafx.scene.paint.Paint (java.lang.String is in module java.base of loader 'bootstrap'; javafx.scene.paint.Paint is in unnamed module of loader 'app')' while converting value for '-fx-background-color' from inline style on Label@27f2adfc[styleClass=label]'Formulario de Registro'
2024-11-27T15:01:21.392-05:00  WARN 23624 --- [SysAlmacenFX] [JavaFX Application Thread] javafx.css                               : Caught 'java.lang.ClassCastException: class java.lang.String cannot be cast to class javafx.scene.paint.Paint (java.lang.String is in module java.base of loader 'bootstrap'; javafx.scene.paint.Paint is in unnamed module of loader 'app')' while converting value for '-fx-background-color' from inline style on Label@e7f72b1[styleClass=label]'Formulario de Registro'
2024-11-27T15:01:24.973-05:00  WARN 23624 --- [SysAlmacenFX] [JavaFX Application Thread] javafx.css                               : Caught 'java.lang.ClassCastException: class java.lang.String cannot be cast to class javafx.scene.paint.Paint (java.lang.String is in module java.base of loader 'bootstrap'; javafx.scene.paint.Paint is in unnamed module of loader 'app')' while converting value for '-fx-background-color' from inline style on Label@48ad15f2[styleClass=label]'Formulario de Registro'
2024-11-27T15:01:26.996-05:00  WARN 23624 --- [SysAlmacenFX] [JavaFX Application Thread] javafx.css                               : Caught 'java.lang.ClassCastException: class java.lang.String cannot be cast to class javafx.scene.paint.Paint (java.lang.String is in module java.base of loader 'bootstrap'; javafx.scene.paint.Paint is in unnamed module of loader 'app')' while converting value for '-fx-background-color' from inline style on Label@4099e531[styleClass=label]'Formulario de Registro'
2024-11-27T15:01:27.503-05:00  WARN 23624 --- [SysAlmacenFX] [JavaFX Application Thread] javafx.css                               : Caught 'java.lang.ClassCastException: class java.lang.String cannot be cast to class javafx.scene.paint.Paint (java.lang.String is in module java.base of loader 'bootstrap'; javafx.scene.paint.Paint is in unnamed module of loader 'app')' while converting value for '-fx-background-color' from inline style on Label@4099e531[styleClass=label]'Formulario de Registro'
2024-11-27T15:01:28.072-05:00  WARN 23624 --- [SysAlmacenFX] [JavaFX Application Thread] javafx.css                               : Caught 'java.lang.ClassCastException: class java.lang.String cannot be cast to class javafx.scene.paint.Paint (java.lang.String is in module java.base of loader 'bootstrap'; javafx.scene.paint.Paint is in unnamed module of loader 'app')' while converting value for '-fx-background-color' from inline style on Label@4099e531[styleClass=label]'Formulario de Registro'
2024-11-27T16:31:56.755-05:00  INFO 23624 --- [SysAlmacenFX] [SpringApplicationShutdownHook] j.LocalContainerEntityManagerFactoryBean : Closing JPA EntityManagerFactory for persistence unit 'default'
2024-11-27T16:31:56.776-05:00  INFO 23624 --- [SysAlmacenFX] [SpringApplicationShutdownHook] com.zaxxer.hikari.HikariDataSource       : HikariPool-1 - Shutdown initiated...
2024-11-27T16:31:56.781-05:00  INFO 23624 --- [SysAlmacenFX] [SpringApplicationShutdownHook] com.zaxxer.hikari.HikariDataSource       : HikariPool-1 - Shutdown completed.
2024-11-27T16:44:43.036-05:00  INFO 27412 --- [SysAlmacenFX] [JavaFX-Launcher] o.s.boot.SpringApplication               : Starting application using Java 23.0.1 with PID 27412 (started by saul in C:\Users\saul\Desktop\SysAlmacenFX-20241126T171758Z-001\SysAlmacenFX)
2024-11-27T16:44:43.040-05:00  INFO 27412 --- [SysAlmacenFX] [JavaFX-Launcher] o.s.boot.SpringApplication               : No active profile set, falling back to 1 default profile: "default"
2024-11-27T16:44:44.082-05:00  INFO 27412 --- [SysAlmacenFX] [JavaFX-Launcher] .s.d.r.c.RepositoryConfigurationDelegate : Bootstrapping Spring Data JPA repositories in DEFAULT mode.
2024-11-27T16:44:44.202-05:00  INFO 27412 --- [SysAlmacenFX] [JavaFX-Launcher] .s.d.r.c.RepositoryConfigurationDelegate : Finished Spring Data repository scanning in 112 ms. Found 16 JPA repository interfaces.
2024-11-27T16:44:44.736-05:00  INFO 27412 --- [SysAlmacenFX] [JavaFX-Launcher] o.hibernate.jpa.internal.util.LogHelper  : HHH000204: Processing PersistenceUnitInfo [name: default]
2024-11-27T16:44:44.819-05:00  INFO 27412 --- [SysAlmacenFX] [JavaFX-Launcher] org.hibernate.Version                    : HHH000412: Hibernate ORM core version 6.5.3.Final
2024-11-27T16:44:44.865-05:00  INFO 27412 --- [SysAlmacenFX] [JavaFX-Launcher] o.h.c.internal.RegionFactoryInitiator    : HHH000026: Second-level cache disabled
2024-11-27T16:44:45.265-05:00  INFO 27412 --- [SysAlmacenFX] [JavaFX-Launcher] o.s.o.j.p.SpringPersistenceUnitInfo      : No LoadTimeWeaver setup: ignoring JPA class transformer
2024-11-27T16:44:45.309-05:00  INFO 27412 --- [SysAlmacenFX] [JavaFX-Launcher] com.zaxxer.hikari.HikariDataSource       : HikariPool-1 - Starting...
2024-11-27T16:44:45.487-05:00  INFO 27412 --- [SysAlmacenFX] [JavaFX-Launcher] com.zaxxer.hikari.pool.HikariPool        : HikariPool-1 - Added connection org.sqlite.jdbc4.JDBC4Connection@9931a1f
2024-11-27T16:44:45.490-05:00  INFO 27412 --- [SysAlmacenFX] [JavaFX-Launcher] com.zaxxer.hikari.HikariDataSource       : HikariPool-1 - Start completed.
2024-11-27T16:44:46.974-05:00  INFO 27412 --- [SysAlmacenFX] [JavaFX-Launcher] o.h.e.t.j.p.i.JtaPlatformInitiator       : HHH000489: No JTA platform available (set 'hibernate.transaction.jta.platform' to enable JTA platform integration)
2024-11-27T16:44:47.026-05:00  INFO 27412 --- [SysAlmacenFX] [JavaFX-Launcher] j.LocalContainerEntityManagerFactoryBean : Initialized JPA EntityManagerFactory for persistence unit 'default'
2024-11-27T16:44:47.364-05:00  INFO 27412 --- [SysAlmacenFX] [JavaFX-Launcher] o.s.d.j.r.query.QueryEnhancerFactory     : Hibernate is in classpath; If applicable, HQL parser will be used.
2024-11-27T16:44:48.408-05:00  INFO 27412 --- [SysAlmacenFX] [JavaFX-Launcher] o.s.boot.SpringApplication               : Started application in 6.287 seconds (process running for 7.416)
2024-11-27T16:47:07.112-05:00  INFO 27412 --- [SysAlmacenFX] [JavaFX Application Thread] j.LocalContainerEntityManagerFactoryBean : Closing JPA EntityManagerFactory for persistence unit 'default'
2024-11-27T16:47:07.115-05:00  INFO 27412 --- [SysAlmacenFX] [JavaFX Application Thread] com.zaxxer.hikari.HikariDataSource       : HikariPool-1 - Shutdown initiated...
2024-11-27T16:47:07.118-05:00  INFO 27412 --- [SysAlmacenFX] [JavaFX Application Thread] com.zaxxer.hikari.HikariDataSource       : HikariPool-1 - Shutdown completed.
2024-11-27T16:49:09.292-05:00  INFO 4520 --- [SysAlmacenFX] [JavaFX-Launcher] o.s.boot.SpringApplication               : Starting application using Java 23.0.1 with PID 4520 (started by saul in C:\Users\saul\Desktop\SysAlmacenFX-20241126T171758Z-001\SysAlmacenFX)
2024-11-27T16:49:09.296-05:00  INFO 4520 --- [SysAlmacenFX] [JavaFX-Launcher] o.s.boot.SpringApplication               : No active profile set, falling back to 1 default profile: "default"
2024-11-27T16:49:10.205-05:00  INFO 4520 --- [SysAlmacenFX] [JavaFX-Launcher] .s.d.r.c.RepositoryConfigurationDelegate : Bootstrapping Spring Data JPA repositories in DEFAULT mode.
2024-11-27T16:49:10.317-05:00  INFO 4520 --- [SysAlmacenFX] [JavaFX-Launcher] .s.d.r.c.RepositoryConfigurationDelegate : Finished Spring Data repository scanning in 101 ms. Found 16 JPA repository interfaces.
2024-11-27T16:49:10.809-05:00  INFO 4520 --- [SysAlmacenFX] [JavaFX-Launcher] o.hibernate.jpa.internal.util.LogHelper  : HHH000204: Processing PersistenceUnitInfo [name: default]
2024-11-27T16:49:10.879-05:00  INFO 4520 --- [SysAlmacenFX] [JavaFX-Launcher] org.hibernate.Version                    : HHH000412: Hibernate ORM core version 6.5.3.Final
2024-11-27T16:49:10.921-05:00  INFO 4520 --- [SysAlmacenFX] [JavaFX-Launcher] o.h.c.internal.RegionFactoryInitiator    : HHH000026: Second-level cache disabled
2024-11-27T16:49:11.246-05:00  INFO 4520 --- [SysAlmacenFX] [JavaFX-Launcher] o.s.o.j.p.SpringPersistenceUnitInfo      : No LoadTimeWeaver setup: ignoring JPA class transformer
2024-11-27T16:49:11.285-05:00  INFO 4520 --- [SysAlmacenFX] [JavaFX-Launcher] com.zaxxer.hikari.HikariDataSource       : HikariPool-1 - Starting...
2024-11-27T16:49:11.449-05:00  INFO 4520 --- [SysAlmacenFX] [JavaFX-Launcher] com.zaxxer.hikari.pool.HikariPool        : HikariPool-1 - Added connection org.sqlite.jdbc4.JDBC4Connection@a46fc1f
2024-11-27T16:49:11.455-05:00  INFO 4520 --- [SysAlmacenFX] [JavaFX-Launcher] com.zaxxer.hikari.HikariDataSource       : HikariPool-1 - Start completed.
2024-11-27T16:49:12.914-05:00  INFO 4520 --- [SysAlmacenFX] [JavaFX-Launcher] o.h.e.t.j.p.i.JtaPlatformInitiator       : HHH000489: No JTA platform available (set 'hibernate.transaction.jta.platform' to enable JTA platform integration)
2024-11-27T16:49:12.954-05:00  INFO 4520 --- [SysAlmacenFX] [JavaFX-Launcher] j.LocalContainerEntityManagerFactoryBean : Initialized JPA EntityManagerFactory for persistence unit 'default'
2024-11-27T16:49:13.281-05:00  INFO 4520 --- [SysAlmacenFX] [JavaFX-Launcher] o.s.d.j.r.query.QueryEnhancerFactory     : Hibernate is in classpath; If applicable, HQL parser will be used.
2024-11-27T16:49:14.236-05:00  INFO 4520 --- [SysAlmacenFX] [JavaFX-Launcher] o.s.boot.SpringApplication               : Started application in 5.837 seconds (process running for 6.789)
2024-11-27T16:50:46.760-05:00  INFO 4520 --- [SysAlmacenFX] [JavaFX Application Thread] j.LocalContainerEntityManagerFactoryBean : Closing JPA EntityManagerFactory for persistence unit 'default'
2024-11-27T16:50:46.764-05:00  INFO 4520 --- [SysAlmacenFX] [JavaFX Application Thread] com.zaxxer.hikari.HikariDataSource       : HikariPool-1 - Shutdown initiated...
2024-11-27T16:50:46.768-05:00  INFO 4520 --- [SysAlmacenFX] [JavaFX Application Thread] com.zaxxer.hikari.HikariDataSource       : HikariPool-1 - Shutdown completed.
2024-11-27T16:56:13.578-05:00  INFO 20508 --- [SysAlmacenFX] [JavaFX-Launcher] o.s.boot.SpringApplication               : Starting application using Java 23.0.1 with PID 20508 (started by saul in C:\Users\saul\Desktop\SysAlmacenFX-20241126T171758Z-001\SysAlmacenFX)
2024-11-27T16:56:13.581-05:00  INFO 20508 --- [SysAlmacenFX] [JavaFX-Launcher] o.s.boot.SpringApplication               : No active profile set, falling back to 1 default profile: "default"
2024-11-27T16:56:14.549-05:00  INFO 20508 --- [SysAlmacenFX] [JavaFX-Launcher] .s.d.r.c.RepositoryConfigurationDelegate : Bootstrapping Spring Data JPA repositories in DEFAULT mode.
2024-11-27T16:56:14.668-05:00  INFO 20508 --- [SysAlmacenFX] [JavaFX-Launcher] .s.d.r.c.RepositoryConfigurationDelegate : Finished Spring Data repository scanning in 110 ms. Found 16 JPA repository interfaces.
2024-11-27T16:56:15.154-05:00  INFO 20508 --- [SysAlmacenFX] [JavaFX-Launcher] o.hibernate.jpa.internal.util.LogHelper  : HHH000204: Processing PersistenceUnitInfo [name: default]
2024-11-27T16:56:15.218-05:00  INFO 20508 --- [SysAlmacenFX] [JavaFX-Launcher] org.hibernate.Version                    : HHH000412: Hibernate ORM core version 6.5.3.Final
2024-11-27T16:56:15.258-05:00  INFO 20508 --- [SysAlmacenFX] [JavaFX-Launcher] o.h.c.internal.RegionFactoryInitiator    : HHH000026: Second-level cache disabled
2024-11-27T16:56:15.581-05:00  INFO 20508 --- [SysAlmacenFX] [JavaFX-Launcher] o.s.o.j.p.SpringPersistenceUnitInfo      : No LoadTimeWeaver setup: ignoring JPA class transformer
2024-11-27T16:56:15.620-05:00  INFO 20508 --- [SysAlmacenFX] [JavaFX-Launcher] com.zaxxer.hikari.HikariDataSource       : HikariPool-1 - Starting...
2024-11-27T16:56:15.798-05:00  INFO 20508 --- [SysAlmacenFX] [JavaFX-Launcher] com.zaxxer.hikari.pool.HikariPool        : HikariPool-1 - Added connection org.sqlite.jdbc4.JDBC4Connection@c3c3c1f
2024-11-27T16:56:15.801-05:00  INFO 20508 --- [SysAlmacenFX] [JavaFX-Launcher] com.zaxxer.hikari.HikariDataSource       : HikariPool-1 - Start completed.
2024-11-27T16:56:17.463-05:00  INFO 20508 --- [SysAlmacenFX] [JavaFX-Launcher] o.h.e.t.j.p.i.JtaPlatformInitiator       : HHH000489: No JTA platform available (set 'hibernate.transaction.jta.platform' to enable JTA platform integration)
2024-11-27T16:56:17.519-05:00  INFO 20508 --- [SysAlmacenFX] [JavaFX-Launcher] j.LocalContainerEntityManagerFactoryBean : Initialized JPA EntityManagerFactory for persistence unit 'default'
2024-11-27T16:56:17.903-05:00  INFO 20508 --- [SysAlmacenFX] [JavaFX-Launcher] o.s.d.j.r.query.QueryEnhancerFactory     : Hibernate is in classpath; If applicable, HQL parser will be used.
2024-11-27T16:56:19.209-05:00  INFO 20508 --- [SysAlmacenFX] [JavaFX-Launcher] o.s.boot.SpringApplication               : Started application in 6.519 seconds (process running for 7.479)
2024-11-27T17:12:09.659-05:00  INFO 20508 --- [SysAlmacenFX] [JavaFX Application Thread] j.LocalContainerEntityManagerFactoryBean : Closing JPA EntityManagerFactory for persistence unit 'default'
2024-11-27T17:12:09.663-05:00  INFO 20508 --- [SysAlmacenFX] [JavaFX Application Thread] com.zaxxer.hikari.HikariDataSource       : HikariPool-1 - Shutdown initiated...
2024-11-27T17:12:09.667-05:00  INFO 20508 --- [SysAlmacenFX] [JavaFX Application Thread] com.zaxxer.hikari.HikariDataSource       : HikariPool-1 - Shutdown completed.
2024-11-27T17:53:09.592-05:00  INFO 30416 --- [SysAlmacenFX] [JavaFX-Launcher] o.s.boot.SpringApplication               : Starting application using Java 23.0.1 with PID 30416 (started by saul in C:\Users\saul\Desktop\SysAlmacenFX-20241126T171758Z-001\SysAlmacenFX)
2024-11-27T17:53:09.595-05:00  INFO 30416 --- [SysAlmacenFX] [JavaFX-Launcher] o.s.boot.SpringApplication               : No active profile set, falling back to 1 default profile: "default"
2024-11-27T17:53:10.800-05:00  INFO 30416 --- [SysAlmacenFX] [JavaFX-Launcher] .s.d.r.c.RepositoryConfigurationDelegate : Bootstrapping Spring Data JPA repositories in DEFAULT mode.
2024-11-27T17:53:10.937-05:00  INFO 30416 --- [SysAlmacenFX] [JavaFX-Launcher] .s.d.r.c.RepositoryConfigurationDelegate : Finished Spring Data repository scanning in 125 ms. Found 16 JPA repository interfaces.
2024-11-27T17:53:11.545-05:00  INFO 30416 --- [SysAlmacenFX] [JavaFX-Launcher] o.hibernate.jpa.internal.util.LogHelper  : HHH000204: Processing PersistenceUnitInfo [name: default]
2024-11-27T17:53:11.633-05:00  INFO 30416 --- [SysAlmacenFX] [JavaFX-Launcher] org.hibernate.Version                    : HHH000412: Hibernate ORM core version 6.5.3.Final
2024-11-27T17:53:11.683-05:00  INFO 30416 --- [SysAlmacenFX] [JavaFX-Launcher] o.h.c.internal.RegionFactoryInitiator    : HHH000026: Second-level cache disabled
2024-11-27T17:53:12.099-05:00  INFO 30416 --- [SysAlmacenFX] [JavaFX-Launcher] o.s.o.j.p.SpringPersistenceUnitInfo      : No LoadTimeWeaver setup: ignoring JPA class transformer
2024-11-27T17:53:12.150-05:00  INFO 30416 --- [SysAlmacenFX] [JavaFX-Launcher] com.zaxxer.hikari.HikariDataSource       : HikariPool-1 - Starting...
2024-11-27T17:53:12.410-05:00  INFO 30416 --- [SysAlmacenFX] [JavaFX-Launcher] com.zaxxer.hikari.pool.HikariPool        : HikariPool-1 - Added connection org.sqlite.jdbc4.JDBC4Connection@4ff821b2
2024-11-27T17:53:12.415-05:00  INFO 30416 --- [SysAlmacenFX] [JavaFX-Launcher] com.zaxxer.hikari.HikariDataSource       : HikariPool-1 - Start completed.
2024-11-27T17:53:14.285-05:00  INFO 30416 --- [SysAlmacenFX] [JavaFX-Launcher] o.h.e.t.j.p.i.JtaPlatformInitiator       : HHH000489: No JTA platform available (set 'hibernate.transaction.jta.platform' to enable JTA platform integration)
2024-11-27T17:53:14.332-05:00  INFO 30416 --- [SysAlmacenFX] [JavaFX-Launcher] j.LocalContainerEntityManagerFactoryBean : Initialized JPA EntityManagerFactory for persistence unit 'default'
2024-11-27T17:53:14.714-05:00  INFO 30416 --- [SysAlmacenFX] [JavaFX-Launcher] o.s.d.j.r.query.QueryEnhancerFactory     : Hibernate is in classpath; If applicable, HQL parser will be used.
2024-11-27T17:53:15.920-05:00  INFO 30416 --- [SysAlmacenFX] [JavaFX-Launcher] o.s.boot.SpringApplication               : Started application in 7.096 seconds (process running for 11.442)
2024-11-27T17:57:33.912-05:00  INFO 30416 --- [SysAlmacenFX] [JavaFX Application Thread] j.LocalContainerEntityManagerFactoryBean : Closing JPA EntityManagerFactory for persistence unit 'default'
2024-11-27T17:57:33.915-05:00  INFO 30416 --- [SysAlmacenFX] [JavaFX Application Thread] com.zaxxer.hikari.HikariDataSource       : HikariPool-1 - Shutdown initiated...
2024-11-27T17:57:33.919-05:00  INFO 30416 --- [SysAlmacenFX] [JavaFX Application Thread] com.zaxxer.hikari.HikariDataSource       : HikariPool-1 - Shutdown completed.
2024-11-27T17:57:40.616-05:00  INFO 22932 --- [SysAlmacenFX] [JavaFX-Launcher] o.s.boot.SpringApplication               : Starting application using Java 23.0.1 with PID 22932 (started by saul in C:\Users\saul\Desktop\SysAlmacenFX-20241126T171758Z-001\SysAlmacenFX)
2024-11-27T17:57:40.620-05:00  INFO 22932 --- [SysAlmacenFX] [JavaFX-Launcher] o.s.boot.SpringApplication               : No active profile set, falling back to 1 default profile: "default"
2024-11-27T17:57:41.655-05:00  INFO 22932 --- [SysAlmacenFX] [JavaFX-Launcher] .s.d.r.c.RepositoryConfigurationDelegate : Bootstrapping Spring Data JPA repositories in DEFAULT mode.
2024-11-27T17:57:41.785-05:00  INFO 22932 --- [SysAlmacenFX] [JavaFX-Launcher] .s.d.r.c.RepositoryConfigurationDelegate : Finished Spring Data repository scanning in 120 ms. Found 16 JPA repository interfaces.
2024-11-27T17:57:42.346-05:00  INFO 22932 --- [SysAlmacenFX] [JavaFX-Launcher] o.hibernate.jpa.internal.util.LogHelper  : HHH000204: Processing PersistenceUnitInfo [name: default]
2024-11-27T17:57:42.423-05:00  INFO 22932 --- [SysAlmacenFX] [JavaFX-Launcher] org.hibernate.Version                    : HHH000412: Hibernate ORM core version 6.5.3.Final
2024-11-27T17:57:42.461-05:00  INFO 22932 --- [SysAlmacenFX] [JavaFX-Launcher] o.h.c.internal.RegionFactoryInitiator    : HHH000026: Second-level cache disabled
2024-11-27T17:57:42.839-05:00  INFO 22932 --- [SysAlmacenFX] [JavaFX-Launcher] o.s.o.j.p.SpringPersistenceUnitInfo      : No LoadTimeWeaver setup: ignoring JPA class transformer
2024-11-27T17:57:42.875-05:00  INFO 22932 --- [SysAlmacenFX] [JavaFX-Launcher] com.zaxxer.hikari.HikariDataSource       : HikariPool-1 - Starting...
2024-11-27T17:57:43.060-05:00  INFO 22932 --- [SysAlmacenFX] [JavaFX-Launcher] com.zaxxer.hikari.pool.HikariPool        : HikariPool-1 - Added connection org.sqlite.jdbc4.JDBC4Connection@58dba291
2024-11-27T17:57:43.062-05:00  INFO 22932 --- [SysAlmacenFX] [JavaFX-Launcher] com.zaxxer.hikari.HikariDataSource       : HikariPool-1 - Start completed.
2024-11-27T17:57:44.516-05:00  INFO 22932 --- [SysAlmacenFX] [JavaFX-Launcher] o.h.e.t.j.p.i.JtaPlatformInitiator       : HHH000489: No JTA platform available (set 'hibernate.transaction.jta.platform' to enable JTA platform integration)
2024-11-27T17:57:44.587-05:00  INFO 22932 --- [SysAlmacenFX] [JavaFX-Launcher] j.LocalContainerEntityManagerFactoryBean : Initialized JPA EntityManagerFactory for persistence unit 'default'
2024-11-27T17:57:45.102-05:00  INFO 22932 --- [SysAlmacenFX] [JavaFX-Launcher] o.s.d.j.r.query.QueryEnhancerFactory     : Hibernate is in classpath; If applicable, HQL parser will be used.
2024-11-27T17:57:46.100-05:00  INFO 22932 --- [SysAlmacenFX] [JavaFX-Launcher] o.s.boot.SpringApplication               : Started application in 6.382 seconds (process running for 7.475)
2024-11-27T17:58:07.974-05:00  INFO 22932 --- [SysAlmacenFX] [JavaFX Application Thread] j.LocalContainerEntityManagerFactoryBean : Closing JPA EntityManagerFactory for persistence unit 'default'
2024-11-27T17:58:07.979-05:00  INFO 22932 --- [SysAlmacenFX] [JavaFX Application Thread] com.zaxxer.hikari.HikariDataSource       : HikariPool-1 - Shutdown initiated...
2024-11-27T17:58:07.983-05:00  INFO 22932 --- [SysAlmacenFX] [JavaFX Application Thread] com.zaxxer.hikari.HikariDataSource       : HikariPool-1 - Shutdown completed.
2024-11-27T17:58:24.928-05:00  INFO 30344 --- [SysAlmacenFX] [JavaFX-Launcher] o.s.boot.SpringApplication               : Starting application using Java 23.0.1 with PID 30344 (started by saul in C:\Users\saul\Desktop\SysAlmacenFX-20241126T171758Z-001\SysAlmacenFX)
2024-11-27T17:58:24.931-05:00  INFO 30344 --- [SysAlmacenFX] [JavaFX-Launcher] o.s.boot.SpringApplication               : No active profile set, falling back to 1 default profile: "default"
2024-11-27T17:58:25.857-05:00  INFO 30344 --- [SysAlmacenFX] [JavaFX-Launcher] .s.d.r.c.RepositoryConfigurationDelegate : Bootstrapping Spring Data JPA repositories in DEFAULT mode.
2024-11-27T17:58:25.978-05:00  INFO 30344 --- [SysAlmacenFX] [JavaFX-Launcher] .s.d.r.c.RepositoryConfigurationDelegate : Finished Spring Data repository scanning in 112 ms. Found 16 JPA repository interfaces.
2024-11-27T17:58:26.512-05:00  INFO 30344 --- [SysAlmacenFX] [JavaFX-Launcher] o.hibernate.jpa.internal.util.LogHelper  : HHH000204: Processing PersistenceUnitInfo [name: default]
2024-11-27T17:58:26.566-05:00  INFO 30344 --- [SysAlmacenFX] [JavaFX-Launcher] org.hibernate.Version                    : HHH000412: Hibernate ORM core version 6.5.3.Final
2024-11-27T17:58:26.604-05:00  INFO 30344 --- [SysAlmacenFX] [JavaFX-Launcher] o.h.c.internal.RegionFactoryInitiator    : HHH000026: Second-level cache disabled
2024-11-27T17:58:26.918-05:00  INFO 30344 --- [SysAlmacenFX] [JavaFX-Launcher] o.s.o.j.p.SpringPersistenceUnitInfo      : No LoadTimeWeaver setup: ignoring JPA class transformer
2024-11-27T17:58:26.950-05:00  INFO 30344 --- [SysAlmacenFX] [JavaFX-Launcher] com.zaxxer.hikari.HikariDataSource       : HikariPool-1 - Starting...
2024-11-27T17:58:27.102-05:00  INFO 30344 --- [SysAlmacenFX] [JavaFX-Launcher] com.zaxxer.hikari.pool.HikariPool        : HikariPool-1 - Added connection org.sqlite.jdbc4.JDBC4Connection@7faa9fe6
2024-11-27T17:58:27.104-05:00  INFO 30344 --- [SysAlmacenFX] [JavaFX-Launcher] com.zaxxer.hikari.HikariDataSource       : HikariPool-1 - Start completed.
2024-11-27T17:58:28.512-05:00  INFO 30344 --- [SysAlmacenFX] [JavaFX-Launcher] o.h.e.t.j.p.i.JtaPlatformInitiator       : HHH000489: No JTA platform available (set 'hibernate.transaction.jta.platform' to enable JTA platform integration)
2024-11-27T17:58:28.554-05:00  INFO 30344 --- [SysAlmacenFX] [JavaFX-Launcher] j.LocalContainerEntityManagerFactoryBean : Initialized JPA EntityManagerFactory for persistence unit 'default'
2024-11-27T17:58:28.891-05:00  INFO 30344 --- [SysAlmacenFX] [JavaFX-Launcher] o.s.d.j.r.query.QueryEnhancerFactory     : Hibernate is in classpath; If applicable, HQL parser will be used.
2024-11-27T17:58:29.935-05:00  INFO 30344 --- [SysAlmacenFX] [JavaFX-Launcher] o.s.boot.SpringApplication               : Started application in 5.889 seconds (process running for 6.942)
2024-11-27T18:04:48.950-05:00  INFO 30344 --- [SysAlmacenFX] [SpringApplicationShutdownHook] j.LocalContainerEntityManagerFactoryBean : Closing JPA EntityManagerFactory for persistence unit 'default'
2024-11-27T18:04:48.952-05:00  INFO 30344 --- [SysAlmacenFX] [SpringApplicationShutdownHook] com.zaxxer.hikari.HikariDataSource       : HikariPool-1 - Shutdown initiated...
2024-11-27T18:04:48.955-05:00  INFO 30344 --- [SysAlmacenFX] [SpringApplicationShutdownHook] com.zaxxer.hikari.HikariDataSource       : HikariPool-1 - Shutdown completed.
2024-11-27T18:05:00.991-05:00  INFO 22740 --- [SysAlmacenFX] [JavaFX-Launcher] o.s.boot.SpringApplication               : Starting application using Java 23.0.1 with PID 22740 (started by saul in C:\Users\saul\Desktop\SysAlmacenFX-20241126T171758Z-001\SysAlmacenFX)
2024-11-27T18:05:00.995-05:00  INFO 22740 --- [SysAlmacenFX] [JavaFX-Launcher] o.s.boot.SpringApplication               : No active profile set, falling back to 1 default profile: "default"
2024-11-27T18:05:01.916-05:00  INFO 22740 --- [SysAlmacenFX] [JavaFX-Launcher] .s.d.r.c.RepositoryConfigurationDelegate : Bootstrapping Spring Data JPA repositories in DEFAULT mode.
2024-11-27T18:05:02.024-05:00  INFO 22740 --- [SysAlmacenFX] [JavaFX-Launcher] .s.d.r.c.RepositoryConfigurationDelegate : Finished Spring Data repository scanning in 101 ms. Found 16 JPA repository interfaces.
2024-11-27T18:05:02.565-05:00  INFO 22740 --- [SysAlmacenFX] [JavaFX-Launcher] o.hibernate.jpa.internal.util.LogHelper  : HHH000204: Processing PersistenceUnitInfo [name: default]
2024-11-27T18:05:02.634-05:00  INFO 22740 --- [SysAlmacenFX] [JavaFX-Launcher] org.hibernate.Version                    : HHH000412: Hibernate ORM core version 6.5.3.Final
2024-11-27T18:05:02.674-05:00  INFO 22740 --- [SysAlmacenFX] [JavaFX-Launcher] o.h.c.internal.RegionFactoryInitiator    : HHH000026: Second-level cache disabled
2024-11-27T18:05:02.997-05:00  INFO 22740 --- [SysAlmacenFX] [JavaFX-Launcher] o.s.o.j.p.SpringPersistenceUnitInfo      : No LoadTimeWeaver setup: ignoring JPA class transformer
2024-11-27T18:05:03.026-05:00  INFO 22740 --- [SysAlmacenFX] [JavaFX-Launcher] com.zaxxer.hikari.HikariDataSource       : HikariPool-1 - Starting...
2024-11-27T18:05:03.176-05:00  INFO 22740 --- [SysAlmacenFX] [JavaFX-Launcher] com.zaxxer.hikari.pool.HikariPool        : HikariPool-1 - Added connection org.sqlite.jdbc4.JDBC4Connection@28659a36
2024-11-27T18:05:03.178-05:00  INFO 22740 --- [SysAlmacenFX] [JavaFX-Launcher] com.zaxxer.hikari.HikariDataSource       : HikariPool-1 - Start completed.
2024-11-27T18:05:04.824-05:00  INFO 22740 --- [SysAlmacenFX] [JavaFX-Launcher] o.h.e.t.j.p.i.JtaPlatformInitiator       : HHH000489: No JTA platform available (set 'hibernate.transaction.jta.platform' to enable JTA platform integration)
2024-11-27T18:05:04.873-05:00  INFO 22740 --- [SysAlmacenFX] [JavaFX-Launcher] j.LocalContainerEntityManagerFactoryBean : Initialized JPA EntityManagerFactory for persistence unit 'default'
2024-11-27T18:05:05.328-05:00  INFO 22740 --- [SysAlmacenFX] [JavaFX-Launcher] o.s.d.j.r.query.QueryEnhancerFactory     : Hibernate is in classpath; If applicable, HQL parser will be used.
2024-11-27T18:05:06.537-05:00  INFO 22740 --- [SysAlmacenFX] [JavaFX-Launcher] o.s.boot.SpringApplication               : Started application in 6.221 seconds (process running for 7.5)
2024-11-27T18:08:31.265-05:00  INFO 22740 --- [SysAlmacenFX] [JavaFX Application Thread] j.LocalContainerEntityManagerFactoryBean : Closing JPA EntityManagerFactory for persistence unit 'default'
2024-11-27T18:08:31.270-05:00  INFO 22740 --- [SysAlmacenFX] [JavaFX Application Thread] com.zaxxer.hikari.HikariDataSource       : HikariPool-1 - Shutdown initiated...
2024-11-27T18:08:31.275-05:00  INFO 22740 --- [SysAlmacenFX] [JavaFX Application Thread] com.zaxxer.hikari.HikariDataSource       : HikariPool-1 - Shutdown completed.
2024-11-27T18:09:38.422-05:00  INFO 22208 --- [SysAlmacenFX] [JavaFX-Launcher] o.s.boot.SpringApplication               : Starting application using Java 23.0.1 with PID 22208 (started by saul in C:\Users\saul\Desktop\SysAlmacenFX-20241126T171758Z-001\SysAlmacenFX)
2024-11-27T18:09:38.426-05:00  INFO 22208 --- [SysAlmacenFX] [JavaFX-Launcher] o.s.boot.SpringApplication               : No active profile set, falling back to 1 default profile: "default"
2024-11-27T18:09:39.323-05:00  INFO 22208 --- [SysAlmacenFX] [JavaFX-Launcher] .s.d.r.c.RepositoryConfigurationDelegate : Bootstrapping Spring Data JPA repositories in DEFAULT mode.
2024-11-27T18:09:39.432-05:00  INFO 22208 --- [SysAlmacenFX] [JavaFX-Launcher] .s.d.r.c.RepositoryConfigurationDelegate : Finished Spring Data repository scanning in 100 ms. Found 16 JPA repository interfaces.
2024-11-27T18:09:39.932-05:00  INFO 22208 --- [SysAlmacenFX] [JavaFX-Launcher] o.hibernate.jpa.internal.util.LogHelper  : HHH000204: Processing PersistenceUnitInfo [name: default]
2024-11-27T18:09:39.983-05:00  INFO 22208 --- [SysAlmacenFX] [JavaFX-Launcher] org.hibernate.Version                    : HHH000412: Hibernate ORM core version 6.5.3.Final
2024-11-27T18:09:40.022-05:00  INFO 22208 --- [SysAlmacenFX] [JavaFX-Launcher] o.h.c.internal.RegionFactoryInitiator    : HHH000026: Second-level cache disabled
2024-11-27T18:09:40.341-05:00  INFO 22208 --- [SysAlmacenFX] [JavaFX-Launcher] o.s.o.j.p.SpringPersistenceUnitInfo      : No LoadTimeWeaver setup: ignoring JPA class transformer
2024-11-27T18:09:40.376-05:00  INFO 22208 --- [SysAlmacenFX] [JavaFX-Launcher] com.zaxxer.hikari.HikariDataSource       : HikariPool-1 - Starting...
2024-11-27T18:09:40.529-05:00  INFO 22208 --- [SysAlmacenFX] [JavaFX-Launcher] com.zaxxer.hikari.pool.HikariPool        : HikariPool-1 - Added connection org.sqlite.jdbc4.JDBC4Connection@648ac7af
2024-11-27T18:09:40.532-05:00  INFO 22208 --- [SysAlmacenFX] [JavaFX-Launcher] com.zaxxer.hikari.HikariDataSource       : HikariPool-1 - Start completed.
2024-11-27T18:09:41.906-05:00  INFO 22208 --- [SysAlmacenFX] [JavaFX-Launcher] o.h.e.t.j.p.i.JtaPlatformInitiator       : HHH000489: No JTA platform available (set 'hibernate.transaction.jta.platform' to enable JTA platform integration)
2024-11-27T18:09:41.948-05:00  INFO 22208 --- [SysAlmacenFX] [JavaFX-Launcher] j.LocalContainerEntityManagerFactoryBean : Initialized JPA EntityManagerFactory for persistence unit 'default'
2024-11-27T18:09:42.241-05:00  INFO 22208 --- [SysAlmacenFX] [JavaFX-Launcher] o.s.d.j.r.query.QueryEnhancerFactory     : Hibernate is in classpath; If applicable, HQL parser will be used.
2024-11-27T18:09:43.146-05:00  INFO 22208 --- [SysAlmacenFX] [JavaFX-Launcher] o.s.boot.SpringApplication               : Started application in 5.44 seconds (process running for 6.405)
2024-11-27T18:21:31.544-05:00  INFO 22208 --- [SysAlmacenFX] [SpringApplicationShutdownHook] j.LocalContainerEntityManagerFactoryBean : Closing JPA EntityManagerFactory for persistence unit 'default'
2024-11-27T18:21:31.547-05:00  INFO 22208 --- [SysAlmacenFX] [SpringApplicationShutdownHook] com.zaxxer.hikari.HikariDataSource       : HikariPool-1 - Shutdown initiated...
2024-11-27T18:21:31.551-05:00  INFO 22208 --- [SysAlmacenFX] [SpringApplicationShutdownHook] com.zaxxer.hikari.HikariDataSource       : HikariPool-1 - Shutdown completed.
2024-11-27T18:21:35.096-05:00  INFO 26660 --- [SysAlmacenFX] [JavaFX-Launcher] o.s.boot.SpringApplication               : Starting application using Java 23.0.1 with PID 26660 (started by saul in C:\Users\saul\Desktop\SysAlmacenFX-20241126T171758Z-001\SysAlmacenFX)
2024-11-27T18:21:35.101-05:00  INFO 26660 --- [SysAlmacenFX] [JavaFX-Launcher] o.s.boot.SpringApplication               : No active profile set, falling back to 1 default profile: "default"
2024-11-27T18:21:36.040-05:00  INFO 26660 --- [SysAlmacenFX] [JavaFX-Launcher] .s.d.r.c.RepositoryConfigurationDelegate : Bootstrapping Spring Data JPA repositories in DEFAULT mode.
2024-11-27T18:21:36.149-05:00  INFO 26660 --- [SysAlmacenFX] [JavaFX-Launcher] .s.d.r.c.RepositoryConfigurationDelegate : Finished Spring Data repository scanning in 99 ms. Found 16 JPA repository interfaces.
2024-11-27T18:21:36.651-05:00  INFO 26660 --- [SysAlmacenFX] [JavaFX-Launcher] o.hibernate.jpa.internal.util.LogHelper  : HHH000204: Processing PersistenceUnitInfo [name: default]
2024-11-27T18:21:36.716-05:00  INFO 26660 --- [SysAlmacenFX] [JavaFX-Launcher] org.hibernate.Version                    : HHH000412: Hibernate ORM core version 6.5.3.Final
2024-11-27T18:21:36.754-05:00  INFO 26660 --- [SysAlmacenFX] [JavaFX-Launcher] o.h.c.internal.RegionFactoryInitiator    : HHH000026: Second-level cache disabled
2024-11-27T18:21:37.087-05:00  INFO 26660 --- [SysAlmacenFX] [JavaFX-Launcher] o.s.o.j.p.SpringPersistenceUnitInfo      : No LoadTimeWeaver setup: ignoring JPA class transformer
2024-11-27T18:21:37.126-05:00  INFO 26660 --- [SysAlmacenFX] [JavaFX-Launcher] com.zaxxer.hikari.HikariDataSource       : HikariPool-1 - Starting...
2024-11-27T18:21:37.284-05:00  INFO 26660 --- [SysAlmacenFX] [JavaFX-Launcher] com.zaxxer.hikari.pool.HikariPool        : HikariPool-1 - Added connection org.sqlite.jdbc4.JDBC4Connection@7223b026
2024-11-27T18:21:37.287-05:00  INFO 26660 --- [SysAlmacenFX] [JavaFX-Launcher] com.zaxxer.hikari.HikariDataSource       : HikariPool-1 - Start completed.
2024-11-27T18:21:38.790-05:00  INFO 26660 --- [SysAlmacenFX] [JavaFX-Launcher] o.h.e.t.j.p.i.JtaPlatformInitiator       : HHH000489: No JTA platform available (set 'hibernate.transaction.jta.platform' to enable JTA platform integration)
2024-11-27T18:21:38.832-05:00  INFO 26660 --- [SysAlmacenFX] [JavaFX-Launcher] j.LocalContainerEntityManagerFactoryBean : Initialized JPA EntityManagerFactory for persistence unit 'default'
2024-11-27T18:21:39.149-05:00  INFO 26660 --- [SysAlmacenFX] [JavaFX-Launcher] o.s.d.j.r.query.QueryEnhancerFactory     : Hibernate is in classpath; If applicable, HQL parser will be used.
2024-11-27T18:21:40.140-05:00  INFO 26660 --- [SysAlmacenFX] [JavaFX-Launcher] o.s.boot.SpringApplication               : Started application in 5.661 seconds (process running for 6.796)
2024-11-27T18:23:58.203-05:00  INFO 26660 --- [SysAlmacenFX] [SpringApplicationShutdownHook] j.LocalContainerEntityManagerFactoryBean : Closing JPA EntityManagerFactory for persistence unit 'default'
2024-11-27T18:23:58.205-05:00  INFO 26660 --- [SysAlmacenFX] [SpringApplicationShutdownHook] com.zaxxer.hikari.HikariDataSource       : HikariPool-1 - Shutdown initiated...
2024-11-27T18:23:58.209-05:00  INFO 26660 --- [SysAlmacenFX] [SpringApplicationShutdownHook] com.zaxxer.hikari.HikariDataSource       : HikariPool-1 - Shutdown completed.
2024-11-27T18:24:03.690-05:00  INFO 15208 --- [SysAlmacenFX] [JavaFX-Launcher] o.s.boot.SpringApplication               : Starting application using Java 23.0.1 with PID 15208 (started by saul in C:\Users\saul\Desktop\SysAlmacenFX-20241126T171758Z-001\SysAlmacenFX)
2024-11-27T18:24:03.694-05:00  INFO 15208 --- [SysAlmacenFX] [JavaFX-Launcher] o.s.boot.SpringApplication               : No active profile set, falling back to 1 default profile: "default"
2024-11-27T18:24:04.804-05:00  INFO 15208 --- [SysAlmacenFX] [JavaFX-Launcher] .s.d.r.c.RepositoryConfigurationDelegate : Bootstrapping Spring Data JPA repositories in DEFAULT mode.
2024-11-27T18:24:04.926-05:00  INFO 15208 --- [SysAlmacenFX] [JavaFX-Launcher] .s.d.r.c.RepositoryConfigurationDelegate : Finished Spring Data repository scanning in 115 ms. Found 16 JPA repository interfaces.
2024-11-27T18:24:05.547-05:00  INFO 15208 --- [SysAlmacenFX] [JavaFX-Launcher] o.hibernate.jpa.internal.util.LogHelper  : HHH000204: Processing PersistenceUnitInfo [name: default]
2024-11-27T18:24:05.630-05:00  INFO 15208 --- [SysAlmacenFX] [JavaFX-Launcher] org.hibernate.Version                    : HHH000412: Hibernate ORM core version 6.5.3.Final
2024-11-27T18:24:05.677-05:00  INFO 15208 --- [SysAlmacenFX] [JavaFX-Launcher] o.h.c.internal.RegionFactoryInitiator    : HHH000026: Second-level cache disabled
2024-11-27T18:24:06.019-05:00  INFO 15208 --- [SysAlmacenFX] [JavaFX-Launcher] o.s.o.j.p.SpringPersistenceUnitInfo      : No LoadTimeWeaver setup: ignoring JPA class transformer
2024-11-27T18:24:06.049-05:00  INFO 15208 --- [SysAlmacenFX] [JavaFX-Launcher] com.zaxxer.hikari.HikariDataSource       : HikariPool-1 - Starting...
2024-11-27T18:24:06.219-05:00  INFO 15208 --- [SysAlmacenFX] [JavaFX-Launcher] com.zaxxer.hikari.pool.HikariPool        : HikariPool-1 - Added connection org.sqlite.jdbc4.JDBC4Connection@e791ad6
2024-11-27T18:24:06.222-05:00  INFO 15208 --- [SysAlmacenFX] [JavaFX-Launcher] com.zaxxer.hikari.HikariDataSource       : HikariPool-1 - Start completed.
2024-11-27T18:24:07.840-05:00  INFO 15208 --- [SysAlmacenFX] [JavaFX-Launcher] o.h.e.t.j.p.i.JtaPlatformInitiator       : HHH000489: No JTA platform available (set 'hibernate.transaction.jta.platform' to enable JTA platform integration)
2024-11-27T18:24:07.896-05:00  INFO 15208 --- [SysAlmacenFX] [JavaFX-Launcher] j.LocalContainerEntityManagerFactoryBean : Initialized JPA EntityManagerFactory for persistence unit 'default'
2024-11-27T18:24:08.273-05:00  INFO 15208 --- [SysAlmacenFX] [JavaFX-Launcher] o.s.d.j.r.query.QueryEnhancerFactory     : Hibernate is in classpath; If applicable, HQL parser will be used.
2024-11-27T18:24:09.269-05:00  INFO 15208 --- [SysAlmacenFX] [JavaFX-Launcher] o.s.boot.SpringApplication               : Started application in 6.307 seconds (process running for 7.282)
2024-11-27T18:24:15.959-05:00  WARN 15208 --- [SysAlmacenFX] [JavaFX Application Thread] javafx.css                               : Caught 'java.lang.ClassCastException: class java.lang.String cannot be cast to class javafx.scene.paint.Paint (java.lang.String is in module java.base of loader 'bootstrap'; javafx.scene.paint.Paint is in unnamed module of loader 'app')' while converting value for '-fx-background-color' from inline style on Label@293994fb[styleClass=label]'Formulario de Registro'
2024-11-27T18:24:15.960-05:00  WARN 15208 --- [SysAlmacenFX] [JavaFX Application Thread] javafx.css                               : Caught 'java.lang.ClassCastException: class java.lang.String cannot be cast to class javafx.scene.paint.Paint (java.lang.String is in module java.base of loader 'bootstrap'; javafx.scene.paint.Paint is in unnamed module of loader 'app')' while converting value for '-fx-background-color' from inline style on Label@293994fb[styleClass=label]'Formulario de Registro'
2024-11-27T18:24:19.225-05:00  WARN 15208 --- [SysAlmacenFX] [JavaFX Application Thread] javafx.css                               : Caught 'java.lang.ClassCastException: class java.lang.String cannot be cast to class javafx.scene.paint.Paint (java.lang.String is in module java.base of loader 'bootstrap'; javafx.scene.paint.Paint is in unnamed module of loader 'app')' while converting value for '-fx-background-color' from inline style on Label@11190426[styleClass=label]'Formulario de Registro'
2024-11-27T18:24:21.454-05:00  WARN 15208 --- [SysAlmacenFX] [JavaFX Application Thread] javafx.css                               : Caught 'java.lang.ClassCastException: class java.lang.String cannot be cast to class javafx.scene.paint.Paint (java.lang.String is in module java.base of loader 'bootstrap'; javafx.scene.paint.Paint is in unnamed module of loader 'app')' while converting value for '-fx-background-color' from inline style on Label@6244b897[styleClass=label]'Formulario de Registro'
2024-11-27T18:24:44.544-05:00  INFO 15208 --- [SysAlmacenFX] [JavaFX Application Thread] j.LocalContainerEntityManagerFactoryBean : Closing JPA EntityManagerFactory for persistence unit 'default'
2024-11-27T18:24:44.548-05:00  INFO 15208 --- [SysAlmacenFX] [JavaFX Application Thread] com.zaxxer.hikari.HikariDataSource       : HikariPool-1 - Shutdown initiated...
2024-11-27T18:24:44.552-05:00  INFO 15208 --- [SysAlmacenFX] [JavaFX Application Thread] com.zaxxer.hikari.HikariDataSource       : HikariPool-1 - Shutdown completed.
